<?xml version="1.0" encoding="UTF-8"?>
<!-- Generated by org.testng.reporters.JUnitXMLReporter -->
<testsuite hostname="AS-40" ignored="0" name="collected" tests="12" failures="12" timestamp="2023-01-16T10:37:45 EET" time="102.115" errors="0">
  <testcase name="LocationdataProivder1" time="0.061" classname="driverApi.Get_Driver_location2_Test">
    <failure type="org.openqa.selenium.WebDriverException" message="An unknown server-side error occurred while processing the command. Original error: &amp;apos;GET /&amp;apos; cannot be proxied to UiAutomator2 server because the instrumentation process is not running (probably crashed). Check the server log and/or the logcat output for more details
Build info: version: &amp;apos;3.141.59&amp;apos;, revision: &amp;apos;e82be7d358&amp;apos;, time: &amp;apos;2018-11-14T08:17:03&amp;apos;
System info: host: &amp;apos;AS-40&amp;apos;, ip: &amp;apos;192.168.8.101&amp;apos;, os.name: &amp;apos;Windows 10&amp;apos;, os.arch: &amp;apos;x86&amp;apos;, os.version: &amp;apos;10.0&amp;apos;, java.version: &amp;apos;1.8.0_352-352&amp;apos;
Driver info: io.appium.java_client.android.AndroidDriver
Capabilities {AUTOMATION_NAME: UiAutomator2, appActivity: com.eci.era.splash.presenta..., appPackage: com.eci.era, databaseEnabled: false, desired: {AUTOMATION_NAME: UiAutomator2, appActivity: com.eci.era.splash.presenta..., appPackage: com.eci.era, deviceName: Galaxy Note9 Testing, enforceAppInstall: false, newCommandTimeout: 2000, noReset: true, noSign: true, platformName: android, platformVersion: 10, remoteAppsCacheLimit: 0, skipServerInstallation: false, suppressKillServer: false, udid: 3232314f42423498}, deviceApiLevel: 29, deviceManufacturer: samsung, deviceModel: SM-N960F, deviceName: 3232314f42423498, deviceScreenDensity: 420, deviceScreenSize: 1080x2220, deviceUDID: 3232314f42423498, enforceAppInstall: false, javascriptEnabled: true, locationContextEnabled: false, networkConnectionEnabled: true, newCommandTimeout: 2000, noReset: true, noSign: true, pixelRatio: 2.625, platform: LINUX, platformName: Android, platformVersion: 10, remoteAppsCacheLimit: 0, skipServerInstallation: false, statBarHeight: 63, suppressKillServer: false, takesScreenshot: true, udid: 3232314f42423498, viewportRect: {height: 2031, left: 0, top: 63, width: 1080}, warnings: {}, webStorageEnabled: false}
Session ID: 597295f5-97b5-4d4f-89df-2d8a69e4b8fc">
      <![CDATA[org.openqa.selenium.WebDriverException: An unknown server-side error occurred while processing the command. Original error: 'GET /' cannot be proxied to UiAutomator2 server because the instrumentation process is not running (probably crashed). Check the server log and/or the logcat output for more details
Build info: version: '3.141.59', revision: 'e82be7d358', time: '2018-11-14T08:17:03'
System info: host: 'AS-40', ip: '192.168.8.101', os.name: 'Windows 10', os.arch: 'x86', os.version: '10.0', java.version: '1.8.0_352-352'
Driver info: io.appium.java_client.android.AndroidDriver
Capabilities {AUTOMATION_NAME: UiAutomator2, appActivity: com.eci.era.splash.presenta..., appPackage: com.eci.era, databaseEnabled: false, desired: {AUTOMATION_NAME: UiAutomator2, appActivity: com.eci.era.splash.presenta..., appPackage: com.eci.era, deviceName: Galaxy Note9 Testing, enforceAppInstall: false, newCommandTimeout: 2000, noReset: true, noSign: true, platformName: android, platformVersion: 10, remoteAppsCacheLimit: 0, skipServerInstallation: false, suppressKillServer: false, udid: 3232314f42423498}, deviceApiLevel: 29, deviceManufacturer: samsung, deviceModel: SM-N960F, deviceName: 3232314f42423498, deviceScreenDensity: 420, deviceScreenSize: 1080x2220, deviceUDID: 3232314f42423498, enforceAppInstall: false, javascriptEnabled: true, locationContextEnabled: false, networkConnectionEnabled: true, newCommandTimeout: 2000, noReset: true, noSign: true, pixelRatio: 2.625, platform: LINUX, platformName: Android, platformVersion: 10, remoteAppsCacheLimit: 0, skipServerInstallation: false, statBarHeight: 63, suppressKillServer: false, takesScreenshot: true, udid: 3232314f42423498, viewportRect: {height: 2031, left: 0, top: 63, width: 1080}, warnings: {}, webStorageEnabled: false}
Session ID: 597295f5-97b5-4d4f-89df-2d8a69e4b8fc
at org.openqa.selenium.remote.http.W3CHttpResponseCodec.createException(W3CHttpResponseCodec.java:187)
at org.openqa.selenium.remote.http.W3CHttpResponseCodec.decode(W3CHttpResponseCodec.java:122)
at org.openqa.selenium.remote.http.W3CHttpResponseCodec.decode(W3CHttpResponseCodec.java:49)
at org.openqa.selenium.remote.HttpCommandExecutor.execute(HttpCommandExecutor.java:158)
at io.appium.java_client.remote.AppiumCommandExecutor.execute(AppiumCommandExecutor.java:239)
at org.openqa.selenium.remote.RemoteWebDriver.execute(RemoteWebDriver.java:552)
at io.appium.java_client.DefaultGenericMobileDriver.execute(DefaultGenericMobileDriver.java:46)
at io.appium.java_client.AppiumDriver.execute(AppiumDriver.java:1)
at io.appium.java_client.android.AndroidDriver.execute(AndroidDriver.java:1)
at io.appium.java_client.HasSessionDetails.getSessionDetails(HasSessionDetails.java:39)
at io.appium.java_client.HasSessionDetails.getSessionDetail(HasSessionDetails.java:56)
at io.appium.java_client.HasSessionDetails.getPlatformName(HasSessionDetails.java:65)
at io.appium.java_client.pagefactory.AppiumFieldDecorator.<init>(AppiumFieldDecorator.java:96)
at io.appium.java_client.pagefactory.AppiumFieldDecorator.<init>(AppiumFieldDecorator.java:144)
at com.ERA.base.Base.<init>(Base.java:59)
at driverApi.API_GetBaseURLTest.<init>(API_GetBaseURLTest.java:11)
at driverApi.Get_Driver_location2_Test.LocationdataProivder1(Get_Driver_location2_Test.java:25)
at java.util.concurrent.ThreadPoolExecutor.runWorker(ThreadPoolExecutor.java:1149)
at java.util.concurrent.ThreadPoolExecutor$Worker.run(ThreadPoolExecutor.java:624)
at java.lang.Thread.run(Thread.java:750)
... Removed 16 stack frames]]>
    </failure>
  </testcase> <!-- LocationdataProivder1 -->
  <testcase name="LocationdataProivder2" time="0.049" classname="driverApi.Get_Driver_location2_Test">
    <failure type="org.openqa.selenium.WebDriverException" message="An unknown server-side error occurred while processing the command. Original error: &amp;apos;GET /&amp;apos; cannot be proxied to UiAutomator2 server because the instrumentation process is not running (probably crashed). Check the server log and/or the logcat output for more details
Build info: version: &amp;apos;3.141.59&amp;apos;, revision: &amp;apos;e82be7d358&amp;apos;, time: &amp;apos;2018-11-14T08:17:03&amp;apos;
System info: host: &amp;apos;AS-40&amp;apos;, ip: &amp;apos;192.168.8.101&amp;apos;, os.name: &amp;apos;Windows 10&amp;apos;, os.arch: &amp;apos;x86&amp;apos;, os.version: &amp;apos;10.0&amp;apos;, java.version: &amp;apos;1.8.0_352-352&amp;apos;
Driver info: io.appium.java_client.android.AndroidDriver
Capabilities {AUTOMATION_NAME: UiAutomator2, appActivity: com.eci.era.splash.presenta..., appPackage: com.eci.era, databaseEnabled: false, desired: {AUTOMATION_NAME: UiAutomator2, appActivity: com.eci.era.splash.presenta..., appPackage: com.eci.era, deviceName: Galaxy Note9 Testing, enforceAppInstall: false, newCommandTimeout: 2000, noReset: true, noSign: true, platformName: android, platformVersion: 10, remoteAppsCacheLimit: 0, skipServerInstallation: false, suppressKillServer: false, udid: 3232314f42423498}, deviceApiLevel: 29, deviceManufacturer: samsung, deviceModel: SM-N960F, deviceName: 3232314f42423498, deviceScreenDensity: 420, deviceScreenSize: 1080x2220, deviceUDID: 3232314f42423498, enforceAppInstall: false, javascriptEnabled: true, locationContextEnabled: false, networkConnectionEnabled: true, newCommandTimeout: 2000, noReset: true, noSign: true, pixelRatio: 2.625, platform: LINUX, platformName: Android, platformVersion: 10, remoteAppsCacheLimit: 0, skipServerInstallation: false, statBarHeight: 63, suppressKillServer: false, takesScreenshot: true, udid: 3232314f42423498, viewportRect: {height: 2031, left: 0, top: 63, width: 1080}, warnings: {}, webStorageEnabled: false}
Session ID: 597295f5-97b5-4d4f-89df-2d8a69e4b8fc">
      <![CDATA[org.openqa.selenium.WebDriverException: An unknown server-side error occurred while processing the command. Original error: 'GET /' cannot be proxied to UiAutomator2 server because the instrumentation process is not running (probably crashed). Check the server log and/or the logcat output for more details
Build info: version: '3.141.59', revision: 'e82be7d358', time: '2018-11-14T08:17:03'
System info: host: 'AS-40', ip: '192.168.8.101', os.name: 'Windows 10', os.arch: 'x86', os.version: '10.0', java.version: '1.8.0_352-352'
Driver info: io.appium.java_client.android.AndroidDriver
Capabilities {AUTOMATION_NAME: UiAutomator2, appActivity: com.eci.era.splash.presenta..., appPackage: com.eci.era, databaseEnabled: false, desired: {AUTOMATION_NAME: UiAutomator2, appActivity: com.eci.era.splash.presenta..., appPackage: com.eci.era, deviceName: Galaxy Note9 Testing, enforceAppInstall: false, newCommandTimeout: 2000, noReset: true, noSign: true, platformName: android, platformVersion: 10, remoteAppsCacheLimit: 0, skipServerInstallation: false, suppressKillServer: false, udid: 3232314f42423498}, deviceApiLevel: 29, deviceManufacturer: samsung, deviceModel: SM-N960F, deviceName: 3232314f42423498, deviceScreenDensity: 420, deviceScreenSize: 1080x2220, deviceUDID: 3232314f42423498, enforceAppInstall: false, javascriptEnabled: true, locationContextEnabled: false, networkConnectionEnabled: true, newCommandTimeout: 2000, noReset: true, noSign: true, pixelRatio: 2.625, platform: LINUX, platformName: Android, platformVersion: 10, remoteAppsCacheLimit: 0, skipServerInstallation: false, statBarHeight: 63, suppressKillServer: false, takesScreenshot: true, udid: 3232314f42423498, viewportRect: {height: 2031, left: 0, top: 63, width: 1080}, warnings: {}, webStorageEnabled: false}
Session ID: 597295f5-97b5-4d4f-89df-2d8a69e4b8fc
at org.openqa.selenium.remote.http.W3CHttpResponseCodec.createException(W3CHttpResponseCodec.java:187)
at org.openqa.selenium.remote.http.W3CHttpResponseCodec.decode(W3CHttpResponseCodec.java:122)
at org.openqa.selenium.remote.http.W3CHttpResponseCodec.decode(W3CHttpResponseCodec.java:49)
at org.openqa.selenium.remote.HttpCommandExecutor.execute(HttpCommandExecutor.java:158)
at io.appium.java_client.remote.AppiumCommandExecutor.execute(AppiumCommandExecutor.java:239)
at org.openqa.selenium.remote.RemoteWebDriver.execute(RemoteWebDriver.java:552)
at io.appium.java_client.DefaultGenericMobileDriver.execute(DefaultGenericMobileDriver.java:46)
at io.appium.java_client.AppiumDriver.execute(AppiumDriver.java:1)
at io.appium.java_client.android.AndroidDriver.execute(AndroidDriver.java:1)
at io.appium.java_client.HasSessionDetails.getSessionDetails(HasSessionDetails.java:39)
at io.appium.java_client.HasSessionDetails.getSessionDetail(HasSessionDetails.java:56)
at io.appium.java_client.HasSessionDetails.getPlatformName(HasSessionDetails.java:65)
at io.appium.java_client.pagefactory.AppiumFieldDecorator.<init>(AppiumFieldDecorator.java:96)
at io.appium.java_client.pagefactory.AppiumFieldDecorator.<init>(AppiumFieldDecorator.java:144)
at com.ERA.base.Base.<init>(Base.java:59)
at driverApi.API_GetBaseURLTest.<init>(API_GetBaseURLTest.java:11)
at driverApi.Get_Driver_location2_Test.LocationdataProivder2(Get_Driver_location2_Test.java:65)
at java.util.concurrent.ThreadPoolExecutor.runWorker(ThreadPoolExecutor.java:1149)
at java.util.concurrent.ThreadPoolExecutor$Worker.run(ThreadPoolExecutor.java:624)
at java.lang.Thread.run(Thread.java:750)
... Removed 16 stack frames]]>
    </failure>
  </testcase> <!-- LocationdataProivder2 -->
  <testcase name="LocationdataProivder33" time="0.044" classname="driverApi.Get_Driver_location2_Test">
    <failure type="org.openqa.selenium.WebDriverException" message="An unknown server-side error occurred while processing the command. Original error: &amp;apos;GET /&amp;apos; cannot be proxied to UiAutomator2 server because the instrumentation process is not running (probably crashed). Check the server log and/or the logcat output for more details
Build info: version: &amp;apos;3.141.59&amp;apos;, revision: &amp;apos;e82be7d358&amp;apos;, time: &amp;apos;2018-11-14T08:17:03&amp;apos;
System info: host: &amp;apos;AS-40&amp;apos;, ip: &amp;apos;192.168.8.101&amp;apos;, os.name: &amp;apos;Windows 10&amp;apos;, os.arch: &amp;apos;x86&amp;apos;, os.version: &amp;apos;10.0&amp;apos;, java.version: &amp;apos;1.8.0_352-352&amp;apos;
Driver info: io.appium.java_client.android.AndroidDriver
Capabilities {AUTOMATION_NAME: UiAutomator2, appActivity: com.eci.era.splash.presenta..., appPackage: com.eci.era, databaseEnabled: false, desired: {AUTOMATION_NAME: UiAutomator2, appActivity: com.eci.era.splash.presenta..., appPackage: com.eci.era, deviceName: Galaxy Note9 Testing, enforceAppInstall: false, newCommandTimeout: 2000, noReset: true, noSign: true, platformName: android, platformVersion: 10, remoteAppsCacheLimit: 0, skipServerInstallation: false, suppressKillServer: false, udid: 3232314f42423498}, deviceApiLevel: 29, deviceManufacturer: samsung, deviceModel: SM-N960F, deviceName: 3232314f42423498, deviceScreenDensity: 420, deviceScreenSize: 1080x2220, deviceUDID: 3232314f42423498, enforceAppInstall: false, javascriptEnabled: true, locationContextEnabled: false, networkConnectionEnabled: true, newCommandTimeout: 2000, noReset: true, noSign: true, pixelRatio: 2.625, platform: LINUX, platformName: Android, platformVersion: 10, remoteAppsCacheLimit: 0, skipServerInstallation: false, statBarHeight: 63, suppressKillServer: false, takesScreenshot: true, udid: 3232314f42423498, viewportRect: {height: 2031, left: 0, top: 63, width: 1080}, warnings: {}, webStorageEnabled: false}
Session ID: 597295f5-97b5-4d4f-89df-2d8a69e4b8fc">
      <![CDATA[org.openqa.selenium.WebDriverException: An unknown server-side error occurred while processing the command. Original error: 'GET /' cannot be proxied to UiAutomator2 server because the instrumentation process is not running (probably crashed). Check the server log and/or the logcat output for more details
Build info: version: '3.141.59', revision: 'e82be7d358', time: '2018-11-14T08:17:03'
System info: host: 'AS-40', ip: '192.168.8.101', os.name: 'Windows 10', os.arch: 'x86', os.version: '10.0', java.version: '1.8.0_352-352'
Driver info: io.appium.java_client.android.AndroidDriver
Capabilities {AUTOMATION_NAME: UiAutomator2, appActivity: com.eci.era.splash.presenta..., appPackage: com.eci.era, databaseEnabled: false, desired: {AUTOMATION_NAME: UiAutomator2, appActivity: com.eci.era.splash.presenta..., appPackage: com.eci.era, deviceName: Galaxy Note9 Testing, enforceAppInstall: false, newCommandTimeout: 2000, noReset: true, noSign: true, platformName: android, platformVersion: 10, remoteAppsCacheLimit: 0, skipServerInstallation: false, suppressKillServer: false, udid: 3232314f42423498}, deviceApiLevel: 29, deviceManufacturer: samsung, deviceModel: SM-N960F, deviceName: 3232314f42423498, deviceScreenDensity: 420, deviceScreenSize: 1080x2220, deviceUDID: 3232314f42423498, enforceAppInstall: false, javascriptEnabled: true, locationContextEnabled: false, networkConnectionEnabled: true, newCommandTimeout: 2000, noReset: true, noSign: true, pixelRatio: 2.625, platform: LINUX, platformName: Android, platformVersion: 10, remoteAppsCacheLimit: 0, skipServerInstallation: false, statBarHeight: 63, suppressKillServer: false, takesScreenshot: true, udid: 3232314f42423498, viewportRect: {height: 2031, left: 0, top: 63, width: 1080}, warnings: {}, webStorageEnabled: false}
Session ID: 597295f5-97b5-4d4f-89df-2d8a69e4b8fc
at org.openqa.selenium.remote.http.W3CHttpResponseCodec.createException(W3CHttpResponseCodec.java:187)
at org.openqa.selenium.remote.http.W3CHttpResponseCodec.decode(W3CHttpResponseCodec.java:122)
at org.openqa.selenium.remote.http.W3CHttpResponseCodec.decode(W3CHttpResponseCodec.java:49)
at org.openqa.selenium.remote.HttpCommandExecutor.execute(HttpCommandExecutor.java:158)
at io.appium.java_client.remote.AppiumCommandExecutor.execute(AppiumCommandExecutor.java:239)
at org.openqa.selenium.remote.RemoteWebDriver.execute(RemoteWebDriver.java:552)
at io.appium.java_client.DefaultGenericMobileDriver.execute(DefaultGenericMobileDriver.java:46)
at io.appium.java_client.AppiumDriver.execute(AppiumDriver.java:1)
at io.appium.java_client.android.AndroidDriver.execute(AndroidDriver.java:1)
at io.appium.java_client.HasSessionDetails.getSessionDetails(HasSessionDetails.java:39)
at io.appium.java_client.HasSessionDetails.getSessionDetail(HasSessionDetails.java:56)
at io.appium.java_client.HasSessionDetails.getPlatformName(HasSessionDetails.java:65)
at io.appium.java_client.pagefactory.AppiumFieldDecorator.<init>(AppiumFieldDecorator.java:96)
at io.appium.java_client.pagefactory.AppiumFieldDecorator.<init>(AppiumFieldDecorator.java:144)
at com.ERA.base.Base.<init>(Base.java:59)
at driverApi.API_GetBaseURLTest.<init>(API_GetBaseURLTest.java:11)
at driverApi.Get_Driver_location2_Test.LocationdataProivder33(Get_Driver_location2_Test.java:100)
at java.util.concurrent.ThreadPoolExecutor.runWorker(ThreadPoolExecutor.java:1149)
at java.util.concurrent.ThreadPoolExecutor$Worker.run(ThreadPoolExecutor.java:624)
at java.lang.Thread.run(Thread.java:750)
... Removed 16 stack frames]]>
    </failure>
  </testcase> <!-- LocationdataProivder33 -->
  <testcase name="LocationdataProivder4" time="0.041" classname="driverApi.Get_Driver_location2_Test">
    <failure type="org.openqa.selenium.WebDriverException" message="An unknown server-side error occurred while processing the command. Original error: &amp;apos;GET /&amp;apos; cannot be proxied to UiAutomator2 server because the instrumentation process is not running (probably crashed). Check the server log and/or the logcat output for more details
Build info: version: &amp;apos;3.141.59&amp;apos;, revision: &amp;apos;e82be7d358&amp;apos;, time: &amp;apos;2018-11-14T08:17:03&amp;apos;
System info: host: &amp;apos;AS-40&amp;apos;, ip: &amp;apos;192.168.8.101&amp;apos;, os.name: &amp;apos;Windows 10&amp;apos;, os.arch: &amp;apos;x86&amp;apos;, os.version: &amp;apos;10.0&amp;apos;, java.version: &amp;apos;1.8.0_352-352&amp;apos;
Driver info: io.appium.java_client.android.AndroidDriver
Capabilities {AUTOMATION_NAME: UiAutomator2, appActivity: com.eci.era.splash.presenta..., appPackage: com.eci.era, databaseEnabled: false, desired: {AUTOMATION_NAME: UiAutomator2, appActivity: com.eci.era.splash.presenta..., appPackage: com.eci.era, deviceName: Galaxy Note9 Testing, enforceAppInstall: false, newCommandTimeout: 2000, noReset: true, noSign: true, platformName: android, platformVersion: 10, remoteAppsCacheLimit: 0, skipServerInstallation: false, suppressKillServer: false, udid: 3232314f42423498}, deviceApiLevel: 29, deviceManufacturer: samsung, deviceModel: SM-N960F, deviceName: 3232314f42423498, deviceScreenDensity: 420, deviceScreenSize: 1080x2220, deviceUDID: 3232314f42423498, enforceAppInstall: false, javascriptEnabled: true, locationContextEnabled: false, networkConnectionEnabled: true, newCommandTimeout: 2000, noReset: true, noSign: true, pixelRatio: 2.625, platform: LINUX, platformName: Android, platformVersion: 10, remoteAppsCacheLimit: 0, skipServerInstallation: false, statBarHeight: 63, suppressKillServer: false, takesScreenshot: true, udid: 3232314f42423498, viewportRect: {height: 2031, left: 0, top: 63, width: 1080}, warnings: {}, webStorageEnabled: false}
Session ID: 597295f5-97b5-4d4f-89df-2d8a69e4b8fc">
      <![CDATA[org.openqa.selenium.WebDriverException: An unknown server-side error occurred while processing the command. Original error: 'GET /' cannot be proxied to UiAutomator2 server because the instrumentation process is not running (probably crashed). Check the server log and/or the logcat output for more details
Build info: version: '3.141.59', revision: 'e82be7d358', time: '2018-11-14T08:17:03'
System info: host: 'AS-40', ip: '192.168.8.101', os.name: 'Windows 10', os.arch: 'x86', os.version: '10.0', java.version: '1.8.0_352-352'
Driver info: io.appium.java_client.android.AndroidDriver
Capabilities {AUTOMATION_NAME: UiAutomator2, appActivity: com.eci.era.splash.presenta..., appPackage: com.eci.era, databaseEnabled: false, desired: {AUTOMATION_NAME: UiAutomator2, appActivity: com.eci.era.splash.presenta..., appPackage: com.eci.era, deviceName: Galaxy Note9 Testing, enforceAppInstall: false, newCommandTimeout: 2000, noReset: true, noSign: true, platformName: android, platformVersion: 10, remoteAppsCacheLimit: 0, skipServerInstallation: false, suppressKillServer: false, udid: 3232314f42423498}, deviceApiLevel: 29, deviceManufacturer: samsung, deviceModel: SM-N960F, deviceName: 3232314f42423498, deviceScreenDensity: 420, deviceScreenSize: 1080x2220, deviceUDID: 3232314f42423498, enforceAppInstall: false, javascriptEnabled: true, locationContextEnabled: false, networkConnectionEnabled: true, newCommandTimeout: 2000, noReset: true, noSign: true, pixelRatio: 2.625, platform: LINUX, platformName: Android, platformVersion: 10, remoteAppsCacheLimit: 0, skipServerInstallation: false, statBarHeight: 63, suppressKillServer: false, takesScreenshot: true, udid: 3232314f42423498, viewportRect: {height: 2031, left: 0, top: 63, width: 1080}, warnings: {}, webStorageEnabled: false}
Session ID: 597295f5-97b5-4d4f-89df-2d8a69e4b8fc
at org.openqa.selenium.remote.http.W3CHttpResponseCodec.createException(W3CHttpResponseCodec.java:187)
at org.openqa.selenium.remote.http.W3CHttpResponseCodec.decode(W3CHttpResponseCodec.java:122)
at org.openqa.selenium.remote.http.W3CHttpResponseCodec.decode(W3CHttpResponseCodec.java:49)
at org.openqa.selenium.remote.HttpCommandExecutor.execute(HttpCommandExecutor.java:158)
at io.appium.java_client.remote.AppiumCommandExecutor.execute(AppiumCommandExecutor.java:239)
at org.openqa.selenium.remote.RemoteWebDriver.execute(RemoteWebDriver.java:552)
at io.appium.java_client.DefaultGenericMobileDriver.execute(DefaultGenericMobileDriver.java:46)
at io.appium.java_client.AppiumDriver.execute(AppiumDriver.java:1)
at io.appium.java_client.android.AndroidDriver.execute(AndroidDriver.java:1)
at io.appium.java_client.HasSessionDetails.getSessionDetails(HasSessionDetails.java:39)
at io.appium.java_client.HasSessionDetails.getSessionDetail(HasSessionDetails.java:56)
at io.appium.java_client.HasSessionDetails.getPlatformName(HasSessionDetails.java:65)
at io.appium.java_client.pagefactory.AppiumFieldDecorator.<init>(AppiumFieldDecorator.java:96)
at io.appium.java_client.pagefactory.AppiumFieldDecorator.<init>(AppiumFieldDecorator.java:144)
at com.ERA.base.Base.<init>(Base.java:59)
at driverApi.API_GetBaseURLTest.<init>(API_GetBaseURLTest.java:11)
at driverApi.Get_Driver_location2_Test.LocationdataProivder4(Get_Driver_location2_Test.java:135)
at java.util.concurrent.ThreadPoolExecutor.runWorker(ThreadPoolExecutor.java:1149)
at java.util.concurrent.ThreadPoolExecutor$Worker.run(ThreadPoolExecutor.java:624)
at java.lang.Thread.run(Thread.java:750)
... Removed 16 stack frames]]>
    </failure>
  </testcase> <!-- LocationdataProivder4 -->
  <testcase name="LocationdataProivder5" time="0.033" classname="driverApi.Get_Driver_location2_Test">
    <failure type="org.openqa.selenium.WebDriverException" message="An unknown server-side error occurred while processing the command. Original error: &amp;apos;GET /&amp;apos; cannot be proxied to UiAutomator2 server because the instrumentation process is not running (probably crashed). Check the server log and/or the logcat output for more details
Build info: version: &amp;apos;3.141.59&amp;apos;, revision: &amp;apos;e82be7d358&amp;apos;, time: &amp;apos;2018-11-14T08:17:03&amp;apos;
System info: host: &amp;apos;AS-40&amp;apos;, ip: &amp;apos;192.168.8.101&amp;apos;, os.name: &amp;apos;Windows 10&amp;apos;, os.arch: &amp;apos;x86&amp;apos;, os.version: &amp;apos;10.0&amp;apos;, java.version: &amp;apos;1.8.0_352-352&amp;apos;
Driver info: io.appium.java_client.android.AndroidDriver
Capabilities {AUTOMATION_NAME: UiAutomator2, appActivity: com.eci.era.splash.presenta..., appPackage: com.eci.era, databaseEnabled: false, desired: {AUTOMATION_NAME: UiAutomator2, appActivity: com.eci.era.splash.presenta..., appPackage: com.eci.era, deviceName: Galaxy Note9 Testing, enforceAppInstall: false, newCommandTimeout: 2000, noReset: true, noSign: true, platformName: android, platformVersion: 10, remoteAppsCacheLimit: 0, skipServerInstallation: false, suppressKillServer: false, udid: 3232314f42423498}, deviceApiLevel: 29, deviceManufacturer: samsung, deviceModel: SM-N960F, deviceName: 3232314f42423498, deviceScreenDensity: 420, deviceScreenSize: 1080x2220, deviceUDID: 3232314f42423498, enforceAppInstall: false, javascriptEnabled: true, locationContextEnabled: false, networkConnectionEnabled: true, newCommandTimeout: 2000, noReset: true, noSign: true, pixelRatio: 2.625, platform: LINUX, platformName: Android, platformVersion: 10, remoteAppsCacheLimit: 0, skipServerInstallation: false, statBarHeight: 63, suppressKillServer: false, takesScreenshot: true, udid: 3232314f42423498, viewportRect: {height: 2031, left: 0, top: 63, width: 1080}, warnings: {}, webStorageEnabled: false}
Session ID: 597295f5-97b5-4d4f-89df-2d8a69e4b8fc">
      <![CDATA[org.openqa.selenium.WebDriverException: An unknown server-side error occurred while processing the command. Original error: 'GET /' cannot be proxied to UiAutomator2 server because the instrumentation process is not running (probably crashed). Check the server log and/or the logcat output for more details
Build info: version: '3.141.59', revision: 'e82be7d358', time: '2018-11-14T08:17:03'
System info: host: 'AS-40', ip: '192.168.8.101', os.name: 'Windows 10', os.arch: 'x86', os.version: '10.0', java.version: '1.8.0_352-352'
Driver info: io.appium.java_client.android.AndroidDriver
Capabilities {AUTOMATION_NAME: UiAutomator2, appActivity: com.eci.era.splash.presenta..., appPackage: com.eci.era, databaseEnabled: false, desired: {AUTOMATION_NAME: UiAutomator2, appActivity: com.eci.era.splash.presenta..., appPackage: com.eci.era, deviceName: Galaxy Note9 Testing, enforceAppInstall: false, newCommandTimeout: 2000, noReset: true, noSign: true, platformName: android, platformVersion: 10, remoteAppsCacheLimit: 0, skipServerInstallation: false, suppressKillServer: false, udid: 3232314f42423498}, deviceApiLevel: 29, deviceManufacturer: samsung, deviceModel: SM-N960F, deviceName: 3232314f42423498, deviceScreenDensity: 420, deviceScreenSize: 1080x2220, deviceUDID: 3232314f42423498, enforceAppInstall: false, javascriptEnabled: true, locationContextEnabled: false, networkConnectionEnabled: true, newCommandTimeout: 2000, noReset: true, noSign: true, pixelRatio: 2.625, platform: LINUX, platformName: Android, platformVersion: 10, remoteAppsCacheLimit: 0, skipServerInstallation: false, statBarHeight: 63, suppressKillServer: false, takesScreenshot: true, udid: 3232314f42423498, viewportRect: {height: 2031, left: 0, top: 63, width: 1080}, warnings: {}, webStorageEnabled: false}
Session ID: 597295f5-97b5-4d4f-89df-2d8a69e4b8fc
at org.openqa.selenium.remote.http.W3CHttpResponseCodec.createException(W3CHttpResponseCodec.java:187)
at org.openqa.selenium.remote.http.W3CHttpResponseCodec.decode(W3CHttpResponseCodec.java:122)
at org.openqa.selenium.remote.http.W3CHttpResponseCodec.decode(W3CHttpResponseCodec.java:49)
at org.openqa.selenium.remote.HttpCommandExecutor.execute(HttpCommandExecutor.java:158)
at io.appium.java_client.remote.AppiumCommandExecutor.execute(AppiumCommandExecutor.java:239)
at org.openqa.selenium.remote.RemoteWebDriver.execute(RemoteWebDriver.java:552)
at io.appium.java_client.DefaultGenericMobileDriver.execute(DefaultGenericMobileDriver.java:46)
at io.appium.java_client.AppiumDriver.execute(AppiumDriver.java:1)
at io.appium.java_client.android.AndroidDriver.execute(AndroidDriver.java:1)
at io.appium.java_client.HasSessionDetails.getSessionDetails(HasSessionDetails.java:39)
at io.appium.java_client.HasSessionDetails.getSessionDetail(HasSessionDetails.java:56)
at io.appium.java_client.HasSessionDetails.getPlatformName(HasSessionDetails.java:65)
at io.appium.java_client.pagefactory.AppiumFieldDecorator.<init>(AppiumFieldDecorator.java:96)
at io.appium.java_client.pagefactory.AppiumFieldDecorator.<init>(AppiumFieldDecorator.java:144)
at com.ERA.base.Base.<init>(Base.java:59)
at driverApi.API_GetBaseURLTest.<init>(API_GetBaseURLTest.java:11)
at driverApi.Get_Driver_location2_Test.LocationdataProivder5(Get_Driver_location2_Test.java:174)
at java.util.concurrent.ThreadPoolExecutor.runWorker(ThreadPoolExecutor.java:1149)
at java.util.concurrent.ThreadPoolExecutor$Worker.run(ThreadPoolExecutor.java:624)
at java.lang.Thread.run(Thread.java:750)
... Removed 16 stack frames]]>
    </failure>
  </testcase> <!-- LocationdataProivder5 -->
  <testcase name="LocationdataProivder6" time="0.03" classname="driverApi.Get_Driver_location2_Test">
    <failure type="org.openqa.selenium.WebDriverException" message="An unknown server-side error occurred while processing the command. Original error: &amp;apos;GET /&amp;apos; cannot be proxied to UiAutomator2 server because the instrumentation process is not running (probably crashed). Check the server log and/or the logcat output for more details
Build info: version: &amp;apos;3.141.59&amp;apos;, revision: &amp;apos;e82be7d358&amp;apos;, time: &amp;apos;2018-11-14T08:17:03&amp;apos;
System info: host: &amp;apos;AS-40&amp;apos;, ip: &amp;apos;192.168.8.101&amp;apos;, os.name: &amp;apos;Windows 10&amp;apos;, os.arch: &amp;apos;x86&amp;apos;, os.version: &amp;apos;10.0&amp;apos;, java.version: &amp;apos;1.8.0_352-352&amp;apos;
Driver info: io.appium.java_client.android.AndroidDriver
Capabilities {AUTOMATION_NAME: UiAutomator2, appActivity: com.eci.era.splash.presenta..., appPackage: com.eci.era, databaseEnabled: false, desired: {AUTOMATION_NAME: UiAutomator2, appActivity: com.eci.era.splash.presenta..., appPackage: com.eci.era, deviceName: Galaxy Note9 Testing, enforceAppInstall: false, newCommandTimeout: 2000, noReset: true, noSign: true, platformName: android, platformVersion: 10, remoteAppsCacheLimit: 0, skipServerInstallation: false, suppressKillServer: false, udid: 3232314f42423498}, deviceApiLevel: 29, deviceManufacturer: samsung, deviceModel: SM-N960F, deviceName: 3232314f42423498, deviceScreenDensity: 420, deviceScreenSize: 1080x2220, deviceUDID: 3232314f42423498, enforceAppInstall: false, javascriptEnabled: true, locationContextEnabled: false, networkConnectionEnabled: true, newCommandTimeout: 2000, noReset: true, noSign: true, pixelRatio: 2.625, platform: LINUX, platformName: Android, platformVersion: 10, remoteAppsCacheLimit: 0, skipServerInstallation: false, statBarHeight: 63, suppressKillServer: false, takesScreenshot: true, udid: 3232314f42423498, viewportRect: {height: 2031, left: 0, top: 63, width: 1080}, warnings: {}, webStorageEnabled: false}
Session ID: 597295f5-97b5-4d4f-89df-2d8a69e4b8fc">
      <![CDATA[org.openqa.selenium.WebDriverException: An unknown server-side error occurred while processing the command. Original error: 'GET /' cannot be proxied to UiAutomator2 server because the instrumentation process is not running (probably crashed). Check the server log and/or the logcat output for more details
Build info: version: '3.141.59', revision: 'e82be7d358', time: '2018-11-14T08:17:03'
System info: host: 'AS-40', ip: '192.168.8.101', os.name: 'Windows 10', os.arch: 'x86', os.version: '10.0', java.version: '1.8.0_352-352'
Driver info: io.appium.java_client.android.AndroidDriver
Capabilities {AUTOMATION_NAME: UiAutomator2, appActivity: com.eci.era.splash.presenta..., appPackage: com.eci.era, databaseEnabled: false, desired: {AUTOMATION_NAME: UiAutomator2, appActivity: com.eci.era.splash.presenta..., appPackage: com.eci.era, deviceName: Galaxy Note9 Testing, enforceAppInstall: false, newCommandTimeout: 2000, noReset: true, noSign: true, platformName: android, platformVersion: 10, remoteAppsCacheLimit: 0, skipServerInstallation: false, suppressKillServer: false, udid: 3232314f42423498}, deviceApiLevel: 29, deviceManufacturer: samsung, deviceModel: SM-N960F, deviceName: 3232314f42423498, deviceScreenDensity: 420, deviceScreenSize: 1080x2220, deviceUDID: 3232314f42423498, enforceAppInstall: false, javascriptEnabled: true, locationContextEnabled: false, networkConnectionEnabled: true, newCommandTimeout: 2000, noReset: true, noSign: true, pixelRatio: 2.625, platform: LINUX, platformName: Android, platformVersion: 10, remoteAppsCacheLimit: 0, skipServerInstallation: false, statBarHeight: 63, suppressKillServer: false, takesScreenshot: true, udid: 3232314f42423498, viewportRect: {height: 2031, left: 0, top: 63, width: 1080}, warnings: {}, webStorageEnabled: false}
Session ID: 597295f5-97b5-4d4f-89df-2d8a69e4b8fc
at org.openqa.selenium.remote.http.W3CHttpResponseCodec.createException(W3CHttpResponseCodec.java:187)
at org.openqa.selenium.remote.http.W3CHttpResponseCodec.decode(W3CHttpResponseCodec.java:122)
at org.openqa.selenium.remote.http.W3CHttpResponseCodec.decode(W3CHttpResponseCodec.java:49)
at org.openqa.selenium.remote.HttpCommandExecutor.execute(HttpCommandExecutor.java:158)
at io.appium.java_client.remote.AppiumCommandExecutor.execute(AppiumCommandExecutor.java:239)
at org.openqa.selenium.remote.RemoteWebDriver.execute(RemoteWebDriver.java:552)
at io.appium.java_client.DefaultGenericMobileDriver.execute(DefaultGenericMobileDriver.java:46)
at io.appium.java_client.AppiumDriver.execute(AppiumDriver.java:1)
at io.appium.java_client.android.AndroidDriver.execute(AndroidDriver.java:1)
at io.appium.java_client.HasSessionDetails.getSessionDetails(HasSessionDetails.java:39)
at io.appium.java_client.HasSessionDetails.getSessionDetail(HasSessionDetails.java:56)
at io.appium.java_client.HasSessionDetails.getPlatformName(HasSessionDetails.java:65)
at io.appium.java_client.pagefactory.AppiumFieldDecorator.<init>(AppiumFieldDecorator.java:96)
at io.appium.java_client.pagefactory.AppiumFieldDecorator.<init>(AppiumFieldDecorator.java:144)
at com.ERA.base.Base.<init>(Base.java:59)
at driverApi.API_GetBaseURLTest.<init>(API_GetBaseURLTest.java:11)
at driverApi.Get_Driver_location2_Test.LocationdataProivder6(Get_Driver_location2_Test.java:213)
at java.util.concurrent.ThreadPoolExecutor.runWorker(ThreadPoolExecutor.java:1149)
at java.util.concurrent.ThreadPoolExecutor$Worker.run(ThreadPoolExecutor.java:624)
at java.lang.Thread.run(Thread.java:750)
... Removed 16 stack frames]]>
    </failure>
  </testcase> <!-- LocationdataProivder6 -->
  <testcase name="LocationdataProivder7" time="0.028" classname="driverApi.Get_Driver_location2_Test">
    <failure type="org.openqa.selenium.WebDriverException" message="An unknown server-side error occurred while processing the command. Original error: &amp;apos;GET /&amp;apos; cannot be proxied to UiAutomator2 server because the instrumentation process is not running (probably crashed). Check the server log and/or the logcat output for more details
Build info: version: &amp;apos;3.141.59&amp;apos;, revision: &amp;apos;e82be7d358&amp;apos;, time: &amp;apos;2018-11-14T08:17:03&amp;apos;
System info: host: &amp;apos;AS-40&amp;apos;, ip: &amp;apos;192.168.8.101&amp;apos;, os.name: &amp;apos;Windows 10&amp;apos;, os.arch: &amp;apos;x86&amp;apos;, os.version: &amp;apos;10.0&amp;apos;, java.version: &amp;apos;1.8.0_352-352&amp;apos;
Driver info: io.appium.java_client.android.AndroidDriver
Capabilities {AUTOMATION_NAME: UiAutomator2, appActivity: com.eci.era.splash.presenta..., appPackage: com.eci.era, databaseEnabled: false, desired: {AUTOMATION_NAME: UiAutomator2, appActivity: com.eci.era.splash.presenta..., appPackage: com.eci.era, deviceName: Galaxy Note9 Testing, enforceAppInstall: false, newCommandTimeout: 2000, noReset: true, noSign: true, platformName: android, platformVersion: 10, remoteAppsCacheLimit: 0, skipServerInstallation: false, suppressKillServer: false, udid: 3232314f42423498}, deviceApiLevel: 29, deviceManufacturer: samsung, deviceModel: SM-N960F, deviceName: 3232314f42423498, deviceScreenDensity: 420, deviceScreenSize: 1080x2220, deviceUDID: 3232314f42423498, enforceAppInstall: false, javascriptEnabled: true, locationContextEnabled: false, networkConnectionEnabled: true, newCommandTimeout: 2000, noReset: true, noSign: true, pixelRatio: 2.625, platform: LINUX, platformName: Android, platformVersion: 10, remoteAppsCacheLimit: 0, skipServerInstallation: false, statBarHeight: 63, suppressKillServer: false, takesScreenshot: true, udid: 3232314f42423498, viewportRect: {height: 2031, left: 0, top: 63, width: 1080}, warnings: {}, webStorageEnabled: false}
Session ID: 597295f5-97b5-4d4f-89df-2d8a69e4b8fc">
      <![CDATA[org.openqa.selenium.WebDriverException: An unknown server-side error occurred while processing the command. Original error: 'GET /' cannot be proxied to UiAutomator2 server because the instrumentation process is not running (probably crashed). Check the server log and/or the logcat output for more details
Build info: version: '3.141.59', revision: 'e82be7d358', time: '2018-11-14T08:17:03'
System info: host: 'AS-40', ip: '192.168.8.101', os.name: 'Windows 10', os.arch: 'x86', os.version: '10.0', java.version: '1.8.0_352-352'
Driver info: io.appium.java_client.android.AndroidDriver
Capabilities {AUTOMATION_NAME: UiAutomator2, appActivity: com.eci.era.splash.presenta..., appPackage: com.eci.era, databaseEnabled: false, desired: {AUTOMATION_NAME: UiAutomator2, appActivity: com.eci.era.splash.presenta..., appPackage: com.eci.era, deviceName: Galaxy Note9 Testing, enforceAppInstall: false, newCommandTimeout: 2000, noReset: true, noSign: true, platformName: android, platformVersion: 10, remoteAppsCacheLimit: 0, skipServerInstallation: false, suppressKillServer: false, udid: 3232314f42423498}, deviceApiLevel: 29, deviceManufacturer: samsung, deviceModel: SM-N960F, deviceName: 3232314f42423498, deviceScreenDensity: 420, deviceScreenSize: 1080x2220, deviceUDID: 3232314f42423498, enforceAppInstall: false, javascriptEnabled: true, locationContextEnabled: false, networkConnectionEnabled: true, newCommandTimeout: 2000, noReset: true, noSign: true, pixelRatio: 2.625, platform: LINUX, platformName: Android, platformVersion: 10, remoteAppsCacheLimit: 0, skipServerInstallation: false, statBarHeight: 63, suppressKillServer: false, takesScreenshot: true, udid: 3232314f42423498, viewportRect: {height: 2031, left: 0, top: 63, width: 1080}, warnings: {}, webStorageEnabled: false}
Session ID: 597295f5-97b5-4d4f-89df-2d8a69e4b8fc
at org.openqa.selenium.remote.http.W3CHttpResponseCodec.createException(W3CHttpResponseCodec.java:187)
at org.openqa.selenium.remote.http.W3CHttpResponseCodec.decode(W3CHttpResponseCodec.java:122)
at org.openqa.selenium.remote.http.W3CHttpResponseCodec.decode(W3CHttpResponseCodec.java:49)
at org.openqa.selenium.remote.HttpCommandExecutor.execute(HttpCommandExecutor.java:158)
at io.appium.java_client.remote.AppiumCommandExecutor.execute(AppiumCommandExecutor.java:239)
at org.openqa.selenium.remote.RemoteWebDriver.execute(RemoteWebDriver.java:552)
at io.appium.java_client.DefaultGenericMobileDriver.execute(DefaultGenericMobileDriver.java:46)
at io.appium.java_client.AppiumDriver.execute(AppiumDriver.java:1)
at io.appium.java_client.android.AndroidDriver.execute(AndroidDriver.java:1)
at io.appium.java_client.HasSessionDetails.getSessionDetails(HasSessionDetails.java:39)
at io.appium.java_client.HasSessionDetails.getSessionDetail(HasSessionDetails.java:56)
at io.appium.java_client.HasSessionDetails.getPlatformName(HasSessionDetails.java:65)
at io.appium.java_client.pagefactory.AppiumFieldDecorator.<init>(AppiumFieldDecorator.java:96)
at io.appium.java_client.pagefactory.AppiumFieldDecorator.<init>(AppiumFieldDecorator.java:144)
at com.ERA.base.Base.<init>(Base.java:59)
at driverApi.API_GetBaseURLTest.<init>(API_GetBaseURLTest.java:11)
at driverApi.Get_Driver_location2_Test.LocationdataProivder7(Get_Driver_location2_Test.java:253)
at java.util.concurrent.ThreadPoolExecutor.runWorker(ThreadPoolExecutor.java:1149)
at java.util.concurrent.ThreadPoolExecutor$Worker.run(ThreadPoolExecutor.java:624)
at java.lang.Thread.run(Thread.java:750)
... Removed 16 stack frames]]>
    </failure>
  </testcase> <!-- LocationdataProivder7 -->
  <testcase name="LocationdataProivder8" time="0.029" classname="driverApi.Get_Driver_location2_Test">
    <failure type="org.openqa.selenium.WebDriverException" message="An unknown server-side error occurred while processing the command. Original error: &amp;apos;GET /&amp;apos; cannot be proxied to UiAutomator2 server because the instrumentation process is not running (probably crashed). Check the server log and/or the logcat output for more details
Build info: version: &amp;apos;3.141.59&amp;apos;, revision: &amp;apos;e82be7d358&amp;apos;, time: &amp;apos;2018-11-14T08:17:03&amp;apos;
System info: host: &amp;apos;AS-40&amp;apos;, ip: &amp;apos;192.168.8.101&amp;apos;, os.name: &amp;apos;Windows 10&amp;apos;, os.arch: &amp;apos;x86&amp;apos;, os.version: &amp;apos;10.0&amp;apos;, java.version: &amp;apos;1.8.0_352-352&amp;apos;
Driver info: io.appium.java_client.android.AndroidDriver
Capabilities {AUTOMATION_NAME: UiAutomator2, appActivity: com.eci.era.splash.presenta..., appPackage: com.eci.era, databaseEnabled: false, desired: {AUTOMATION_NAME: UiAutomator2, appActivity: com.eci.era.splash.presenta..., appPackage: com.eci.era, deviceName: Galaxy Note9 Testing, enforceAppInstall: false, newCommandTimeout: 2000, noReset: true, noSign: true, platformName: android, platformVersion: 10, remoteAppsCacheLimit: 0, skipServerInstallation: false, suppressKillServer: false, udid: 3232314f42423498}, deviceApiLevel: 29, deviceManufacturer: samsung, deviceModel: SM-N960F, deviceName: 3232314f42423498, deviceScreenDensity: 420, deviceScreenSize: 1080x2220, deviceUDID: 3232314f42423498, enforceAppInstall: false, javascriptEnabled: true, locationContextEnabled: false, networkConnectionEnabled: true, newCommandTimeout: 2000, noReset: true, noSign: true, pixelRatio: 2.625, platform: LINUX, platformName: Android, platformVersion: 10, remoteAppsCacheLimit: 0, skipServerInstallation: false, statBarHeight: 63, suppressKillServer: false, takesScreenshot: true, udid: 3232314f42423498, viewportRect: {height: 2031, left: 0, top: 63, width: 1080}, warnings: {}, webStorageEnabled: false}
Session ID: 597295f5-97b5-4d4f-89df-2d8a69e4b8fc">
      <![CDATA[org.openqa.selenium.WebDriverException: An unknown server-side error occurred while processing the command. Original error: 'GET /' cannot be proxied to UiAutomator2 server because the instrumentation process is not running (probably crashed). Check the server log and/or the logcat output for more details
Build info: version: '3.141.59', revision: 'e82be7d358', time: '2018-11-14T08:17:03'
System info: host: 'AS-40', ip: '192.168.8.101', os.name: 'Windows 10', os.arch: 'x86', os.version: '10.0', java.version: '1.8.0_352-352'
Driver info: io.appium.java_client.android.AndroidDriver
Capabilities {AUTOMATION_NAME: UiAutomator2, appActivity: com.eci.era.splash.presenta..., appPackage: com.eci.era, databaseEnabled: false, desired: {AUTOMATION_NAME: UiAutomator2, appActivity: com.eci.era.splash.presenta..., appPackage: com.eci.era, deviceName: Galaxy Note9 Testing, enforceAppInstall: false, newCommandTimeout: 2000, noReset: true, noSign: true, platformName: android, platformVersion: 10, remoteAppsCacheLimit: 0, skipServerInstallation: false, suppressKillServer: false, udid: 3232314f42423498}, deviceApiLevel: 29, deviceManufacturer: samsung, deviceModel: SM-N960F, deviceName: 3232314f42423498, deviceScreenDensity: 420, deviceScreenSize: 1080x2220, deviceUDID: 3232314f42423498, enforceAppInstall: false, javascriptEnabled: true, locationContextEnabled: false, networkConnectionEnabled: true, newCommandTimeout: 2000, noReset: true, noSign: true, pixelRatio: 2.625, platform: LINUX, platformName: Android, platformVersion: 10, remoteAppsCacheLimit: 0, skipServerInstallation: false, statBarHeight: 63, suppressKillServer: false, takesScreenshot: true, udid: 3232314f42423498, viewportRect: {height: 2031, left: 0, top: 63, width: 1080}, warnings: {}, webStorageEnabled: false}
Session ID: 597295f5-97b5-4d4f-89df-2d8a69e4b8fc
at org.openqa.selenium.remote.http.W3CHttpResponseCodec.createException(W3CHttpResponseCodec.java:187)
at org.openqa.selenium.remote.http.W3CHttpResponseCodec.decode(W3CHttpResponseCodec.java:122)
at org.openqa.selenium.remote.http.W3CHttpResponseCodec.decode(W3CHttpResponseCodec.java:49)
at org.openqa.selenium.remote.HttpCommandExecutor.execute(HttpCommandExecutor.java:158)
at io.appium.java_client.remote.AppiumCommandExecutor.execute(AppiumCommandExecutor.java:239)
at org.openqa.selenium.remote.RemoteWebDriver.execute(RemoteWebDriver.java:552)
at io.appium.java_client.DefaultGenericMobileDriver.execute(DefaultGenericMobileDriver.java:46)
at io.appium.java_client.AppiumDriver.execute(AppiumDriver.java:1)
at io.appium.java_client.android.AndroidDriver.execute(AndroidDriver.java:1)
at io.appium.java_client.HasSessionDetails.getSessionDetails(HasSessionDetails.java:39)
at io.appium.java_client.HasSessionDetails.getSessionDetail(HasSessionDetails.java:56)
at io.appium.java_client.HasSessionDetails.getPlatformName(HasSessionDetails.java:65)
at io.appium.java_client.pagefactory.AppiumFieldDecorator.<init>(AppiumFieldDecorator.java:96)
at io.appium.java_client.pagefactory.AppiumFieldDecorator.<init>(AppiumFieldDecorator.java:144)
at com.ERA.base.Base.<init>(Base.java:59)
at driverApi.API_GetBaseURLTest.<init>(API_GetBaseURLTest.java:11)
at driverApi.Get_Driver_location2_Test.LocationdataProivder8(Get_Driver_location2_Test.java:291)
at java.util.concurrent.ThreadPoolExecutor.runWorker(ThreadPoolExecutor.java:1149)
at java.util.concurrent.ThreadPoolExecutor$Worker.run(ThreadPoolExecutor.java:624)
at java.lang.Thread.run(Thread.java:750)
... Removed 16 stack frames]]>
    </failure>
  </testcase> <!-- LocationdataProivder8 -->
  <testcase name="LocationdataProivder10" time="0.013" classname="driverApi.Get_Driver_location2_Test">
    <failure type="org.openqa.selenium.WebDriverException" message="An unknown server-side error occurred while processing the command. Original error: &amp;apos;GET /&amp;apos; cannot be proxied to UiAutomator2 server because the instrumentation process is not running (probably crashed). Check the server log and/or the logcat output for more details
Build info: version: &amp;apos;3.141.59&amp;apos;, revision: &amp;apos;e82be7d358&amp;apos;, time: &amp;apos;2018-11-14T08:17:03&amp;apos;
System info: host: &amp;apos;AS-40&amp;apos;, ip: &amp;apos;192.168.8.101&amp;apos;, os.name: &amp;apos;Windows 10&amp;apos;, os.arch: &amp;apos;x86&amp;apos;, os.version: &amp;apos;10.0&amp;apos;, java.version: &amp;apos;1.8.0_352-352&amp;apos;
Driver info: io.appium.java_client.android.AndroidDriver
Capabilities {AUTOMATION_NAME: UiAutomator2, appActivity: com.eci.era.splash.presenta..., appPackage: com.eci.era, databaseEnabled: false, desired: {AUTOMATION_NAME: UiAutomator2, appActivity: com.eci.era.splash.presenta..., appPackage: com.eci.era, deviceName: Galaxy Note9 Testing, enforceAppInstall: false, newCommandTimeout: 2000, noReset: true, noSign: true, platformName: android, platformVersion: 10, remoteAppsCacheLimit: 0, skipServerInstallation: false, suppressKillServer: false, udid: 3232314f42423498}, deviceApiLevel: 29, deviceManufacturer: samsung, deviceModel: SM-N960F, deviceName: 3232314f42423498, deviceScreenDensity: 420, deviceScreenSize: 1080x2220, deviceUDID: 3232314f42423498, enforceAppInstall: false, javascriptEnabled: true, locationContextEnabled: false, networkConnectionEnabled: true, newCommandTimeout: 2000, noReset: true, noSign: true, pixelRatio: 2.625, platform: LINUX, platformName: Android, platformVersion: 10, remoteAppsCacheLimit: 0, skipServerInstallation: false, statBarHeight: 63, suppressKillServer: false, takesScreenshot: true, udid: 3232314f42423498, viewportRect: {height: 2031, left: 0, top: 63, width: 1080}, warnings: {}, webStorageEnabled: false}
Session ID: 597295f5-97b5-4d4f-89df-2d8a69e4b8fc">
      <![CDATA[org.openqa.selenium.WebDriverException: An unknown server-side error occurred while processing the command. Original error: 'GET /' cannot be proxied to UiAutomator2 server because the instrumentation process is not running (probably crashed). Check the server log and/or the logcat output for more details
Build info: version: '3.141.59', revision: 'e82be7d358', time: '2018-11-14T08:17:03'
System info: host: 'AS-40', ip: '192.168.8.101', os.name: 'Windows 10', os.arch: 'x86', os.version: '10.0', java.version: '1.8.0_352-352'
Driver info: io.appium.java_client.android.AndroidDriver
Capabilities {AUTOMATION_NAME: UiAutomator2, appActivity: com.eci.era.splash.presenta..., appPackage: com.eci.era, databaseEnabled: false, desired: {AUTOMATION_NAME: UiAutomator2, appActivity: com.eci.era.splash.presenta..., appPackage: com.eci.era, deviceName: Galaxy Note9 Testing, enforceAppInstall: false, newCommandTimeout: 2000, noReset: true, noSign: true, platformName: android, platformVersion: 10, remoteAppsCacheLimit: 0, skipServerInstallation: false, suppressKillServer: false, udid: 3232314f42423498}, deviceApiLevel: 29, deviceManufacturer: samsung, deviceModel: SM-N960F, deviceName: 3232314f42423498, deviceScreenDensity: 420, deviceScreenSize: 1080x2220, deviceUDID: 3232314f42423498, enforceAppInstall: false, javascriptEnabled: true, locationContextEnabled: false, networkConnectionEnabled: true, newCommandTimeout: 2000, noReset: true, noSign: true, pixelRatio: 2.625, platform: LINUX, platformName: Android, platformVersion: 10, remoteAppsCacheLimit: 0, skipServerInstallation: false, statBarHeight: 63, suppressKillServer: false, takesScreenshot: true, udid: 3232314f42423498, viewportRect: {height: 2031, left: 0, top: 63, width: 1080}, warnings: {}, webStorageEnabled: false}
Session ID: 597295f5-97b5-4d4f-89df-2d8a69e4b8fc
at org.openqa.selenium.remote.http.W3CHttpResponseCodec.createException(W3CHttpResponseCodec.java:187)
at org.openqa.selenium.remote.http.W3CHttpResponseCodec.decode(W3CHttpResponseCodec.java:122)
at org.openqa.selenium.remote.http.W3CHttpResponseCodec.decode(W3CHttpResponseCodec.java:49)
at org.openqa.selenium.remote.HttpCommandExecutor.execute(HttpCommandExecutor.java:158)
at io.appium.java_client.remote.AppiumCommandExecutor.execute(AppiumCommandExecutor.java:239)
at org.openqa.selenium.remote.RemoteWebDriver.execute(RemoteWebDriver.java:552)
at io.appium.java_client.DefaultGenericMobileDriver.execute(DefaultGenericMobileDriver.java:46)
at io.appium.java_client.AppiumDriver.execute(AppiumDriver.java:1)
at io.appium.java_client.android.AndroidDriver.execute(AndroidDriver.java:1)
at io.appium.java_client.HasSessionDetails.getSessionDetails(HasSessionDetails.java:39)
at io.appium.java_client.HasSessionDetails.getSessionDetail(HasSessionDetails.java:56)
at io.appium.java_client.HasSessionDetails.getPlatformName(HasSessionDetails.java:65)
at io.appium.java_client.pagefactory.AppiumFieldDecorator.<init>(AppiumFieldDecorator.java:96)
at io.appium.java_client.pagefactory.AppiumFieldDecorator.<init>(AppiumFieldDecorator.java:144)
at com.ERA.base.Base.<init>(Base.java:59)
at driverApi.API_GetBaseURLTest.<init>(API_GetBaseURLTest.java:11)
at driverApi.Get_Driver_location2_Test.LocationdataProivder10(Get_Driver_location2_Test.java:366)
at java.util.concurrent.ThreadPoolExecutor.runWorker(ThreadPoolExecutor.java:1149)
at java.util.concurrent.ThreadPoolExecutor$Worker.run(ThreadPoolExecutor.java:624)
at java.lang.Thread.run(Thread.java:750)
... Removed 16 stack frames]]>
    </failure>
  </testcase> <!-- LocationdataProivder10 -->
  <testcase name="LocationdataProivder9" time="0.029" classname="driverApi.Get_Driver_location2_Test">
    <failure type="org.openqa.selenium.WebDriverException" message="An unknown server-side error occurred while processing the command. Original error: &amp;apos;GET /&amp;apos; cannot be proxied to UiAutomator2 server because the instrumentation process is not running (probably crashed). Check the server log and/or the logcat output for more details
Build info: version: &amp;apos;3.141.59&amp;apos;, revision: &amp;apos;e82be7d358&amp;apos;, time: &amp;apos;2018-11-14T08:17:03&amp;apos;
System info: host: &amp;apos;AS-40&amp;apos;, ip: &amp;apos;192.168.8.101&amp;apos;, os.name: &amp;apos;Windows 10&amp;apos;, os.arch: &amp;apos;x86&amp;apos;, os.version: &amp;apos;10.0&amp;apos;, java.version: &amp;apos;1.8.0_352-352&amp;apos;
Driver info: io.appium.java_client.android.AndroidDriver
Capabilities {AUTOMATION_NAME: UiAutomator2, appActivity: com.eci.era.splash.presenta..., appPackage: com.eci.era, databaseEnabled: false, desired: {AUTOMATION_NAME: UiAutomator2, appActivity: com.eci.era.splash.presenta..., appPackage: com.eci.era, deviceName: Galaxy Note9 Testing, enforceAppInstall: false, newCommandTimeout: 2000, noReset: true, noSign: true, platformName: android, platformVersion: 10, remoteAppsCacheLimit: 0, skipServerInstallation: false, suppressKillServer: false, udid: 3232314f42423498}, deviceApiLevel: 29, deviceManufacturer: samsung, deviceModel: SM-N960F, deviceName: 3232314f42423498, deviceScreenDensity: 420, deviceScreenSize: 1080x2220, deviceUDID: 3232314f42423498, enforceAppInstall: false, javascriptEnabled: true, locationContextEnabled: false, networkConnectionEnabled: true, newCommandTimeout: 2000, noReset: true, noSign: true, pixelRatio: 2.625, platform: LINUX, platformName: Android, platformVersion: 10, remoteAppsCacheLimit: 0, skipServerInstallation: false, statBarHeight: 63, suppressKillServer: false, takesScreenshot: true, udid: 3232314f42423498, viewportRect: {height: 2031, left: 0, top: 63, width: 1080}, warnings: {}, webStorageEnabled: false}
Session ID: 597295f5-97b5-4d4f-89df-2d8a69e4b8fc">
      <![CDATA[org.openqa.selenium.WebDriverException: An unknown server-side error occurred while processing the command. Original error: 'GET /' cannot be proxied to UiAutomator2 server because the instrumentation process is not running (probably crashed). Check the server log and/or the logcat output for more details
Build info: version: '3.141.59', revision: 'e82be7d358', time: '2018-11-14T08:17:03'
System info: host: 'AS-40', ip: '192.168.8.101', os.name: 'Windows 10', os.arch: 'x86', os.version: '10.0', java.version: '1.8.0_352-352'
Driver info: io.appium.java_client.android.AndroidDriver
Capabilities {AUTOMATION_NAME: UiAutomator2, appActivity: com.eci.era.splash.presenta..., appPackage: com.eci.era, databaseEnabled: false, desired: {AUTOMATION_NAME: UiAutomator2, appActivity: com.eci.era.splash.presenta..., appPackage: com.eci.era, deviceName: Galaxy Note9 Testing, enforceAppInstall: false, newCommandTimeout: 2000, noReset: true, noSign: true, platformName: android, platformVersion: 10, remoteAppsCacheLimit: 0, skipServerInstallation: false, suppressKillServer: false, udid: 3232314f42423498}, deviceApiLevel: 29, deviceManufacturer: samsung, deviceModel: SM-N960F, deviceName: 3232314f42423498, deviceScreenDensity: 420, deviceScreenSize: 1080x2220, deviceUDID: 3232314f42423498, enforceAppInstall: false, javascriptEnabled: true, locationContextEnabled: false, networkConnectionEnabled: true, newCommandTimeout: 2000, noReset: true, noSign: true, pixelRatio: 2.625, platform: LINUX, platformName: Android, platformVersion: 10, remoteAppsCacheLimit: 0, skipServerInstallation: false, statBarHeight: 63, suppressKillServer: false, takesScreenshot: true, udid: 3232314f42423498, viewportRect: {height: 2031, left: 0, top: 63, width: 1080}, warnings: {}, webStorageEnabled: false}
Session ID: 597295f5-97b5-4d4f-89df-2d8a69e4b8fc
at org.openqa.selenium.remote.http.W3CHttpResponseCodec.createException(W3CHttpResponseCodec.java:187)
at org.openqa.selenium.remote.http.W3CHttpResponseCodec.decode(W3CHttpResponseCodec.java:122)
at org.openqa.selenium.remote.http.W3CHttpResponseCodec.decode(W3CHttpResponseCodec.java:49)
at org.openqa.selenium.remote.HttpCommandExecutor.execute(HttpCommandExecutor.java:158)
at io.appium.java_client.remote.AppiumCommandExecutor.execute(AppiumCommandExecutor.java:239)
at org.openqa.selenium.remote.RemoteWebDriver.execute(RemoteWebDriver.java:552)
at io.appium.java_client.DefaultGenericMobileDriver.execute(DefaultGenericMobileDriver.java:46)
at io.appium.java_client.AppiumDriver.execute(AppiumDriver.java:1)
at io.appium.java_client.android.AndroidDriver.execute(AndroidDriver.java:1)
at io.appium.java_client.HasSessionDetails.getSessionDetails(HasSessionDetails.java:39)
at io.appium.java_client.HasSessionDetails.getSessionDetail(HasSessionDetails.java:56)
at io.appium.java_client.HasSessionDetails.getPlatformName(HasSessionDetails.java:65)
at io.appium.java_client.pagefactory.AppiumFieldDecorator.<init>(AppiumFieldDecorator.java:96)
at io.appium.java_client.pagefactory.AppiumFieldDecorator.<init>(AppiumFieldDecorator.java:144)
at com.ERA.base.Base.<init>(Base.java:59)
at driverApi.API_GetBaseURLTest.<init>(API_GetBaseURLTest.java:11)
at driverApi.Get_Driver_location2_Test.LocationdataProivder9(Get_Driver_location2_Test.java:327)
at java.util.concurrent.ThreadPoolExecutor.runWorker(ThreadPoolExecutor.java:1149)
at java.util.concurrent.ThreadPoolExecutor$Worker.run(ThreadPoolExecutor.java:624)
at java.lang.Thread.run(Thread.java:750)
... Removed 16 stack frames]]>
    </failure>
  </testcase> <!-- LocationdataProivder9 -->
  <testcase name="LocationdataProivder11" time="0.008" classname="driverApi.Get_Driver_location2_Test">
    <failure type="org.openqa.selenium.WebDriverException" message="An unknown server-side error occurred while processing the command. Original error: &amp;apos;GET /&amp;apos; cannot be proxied to UiAutomator2 server because the instrumentation process is not running (probably crashed). Check the server log and/or the logcat output for more details
Build info: version: &amp;apos;3.141.59&amp;apos;, revision: &amp;apos;e82be7d358&amp;apos;, time: &amp;apos;2018-11-14T08:17:03&amp;apos;
System info: host: &amp;apos;AS-40&amp;apos;, ip: &amp;apos;192.168.8.101&amp;apos;, os.name: &amp;apos;Windows 10&amp;apos;, os.arch: &amp;apos;x86&amp;apos;, os.version: &amp;apos;10.0&amp;apos;, java.version: &amp;apos;1.8.0_352-352&amp;apos;
Driver info: io.appium.java_client.android.AndroidDriver
Capabilities {AUTOMATION_NAME: UiAutomator2, appActivity: com.eci.era.splash.presenta..., appPackage: com.eci.era, databaseEnabled: false, desired: {AUTOMATION_NAME: UiAutomator2, appActivity: com.eci.era.splash.presenta..., appPackage: com.eci.era, deviceName: Galaxy Note9 Testing, enforceAppInstall: false, newCommandTimeout: 2000, noReset: true, noSign: true, platformName: android, platformVersion: 10, remoteAppsCacheLimit: 0, skipServerInstallation: false, suppressKillServer: false, udid: 3232314f42423498}, deviceApiLevel: 29, deviceManufacturer: samsung, deviceModel: SM-N960F, deviceName: 3232314f42423498, deviceScreenDensity: 420, deviceScreenSize: 1080x2220, deviceUDID: 3232314f42423498, enforceAppInstall: false, javascriptEnabled: true, locationContextEnabled: false, networkConnectionEnabled: true, newCommandTimeout: 2000, noReset: true, noSign: true, pixelRatio: 2.625, platform: LINUX, platformName: Android, platformVersion: 10, remoteAppsCacheLimit: 0, skipServerInstallation: false, statBarHeight: 63, suppressKillServer: false, takesScreenshot: true, udid: 3232314f42423498, viewportRect: {height: 2031, left: 0, top: 63, width: 1080}, warnings: {}, webStorageEnabled: false}
Session ID: 597295f5-97b5-4d4f-89df-2d8a69e4b8fc">
      <![CDATA[org.openqa.selenium.WebDriverException: An unknown server-side error occurred while processing the command. Original error: 'GET /' cannot be proxied to UiAutomator2 server because the instrumentation process is not running (probably crashed). Check the server log and/or the logcat output for more details
Build info: version: '3.141.59', revision: 'e82be7d358', time: '2018-11-14T08:17:03'
System info: host: 'AS-40', ip: '192.168.8.101', os.name: 'Windows 10', os.arch: 'x86', os.version: '10.0', java.version: '1.8.0_352-352'
Driver info: io.appium.java_client.android.AndroidDriver
Capabilities {AUTOMATION_NAME: UiAutomator2, appActivity: com.eci.era.splash.presenta..., appPackage: com.eci.era, databaseEnabled: false, desired: {AUTOMATION_NAME: UiAutomator2, appActivity: com.eci.era.splash.presenta..., appPackage: com.eci.era, deviceName: Galaxy Note9 Testing, enforceAppInstall: false, newCommandTimeout: 2000, noReset: true, noSign: true, platformName: android, platformVersion: 10, remoteAppsCacheLimit: 0, skipServerInstallation: false, suppressKillServer: false, udid: 3232314f42423498}, deviceApiLevel: 29, deviceManufacturer: samsung, deviceModel: SM-N960F, deviceName: 3232314f42423498, deviceScreenDensity: 420, deviceScreenSize: 1080x2220, deviceUDID: 3232314f42423498, enforceAppInstall: false, javascriptEnabled: true, locationContextEnabled: false, networkConnectionEnabled: true, newCommandTimeout: 2000, noReset: true, noSign: true, pixelRatio: 2.625, platform: LINUX, platformName: Android, platformVersion: 10, remoteAppsCacheLimit: 0, skipServerInstallation: false, statBarHeight: 63, suppressKillServer: false, takesScreenshot: true, udid: 3232314f42423498, viewportRect: {height: 2031, left: 0, top: 63, width: 1080}, warnings: {}, webStorageEnabled: false}
Session ID: 597295f5-97b5-4d4f-89df-2d8a69e4b8fc
at org.openqa.selenium.remote.http.W3CHttpResponseCodec.createException(W3CHttpResponseCodec.java:187)
at org.openqa.selenium.remote.http.W3CHttpResponseCodec.decode(W3CHttpResponseCodec.java:122)
at org.openqa.selenium.remote.http.W3CHttpResponseCodec.decode(W3CHttpResponseCodec.java:49)
at org.openqa.selenium.remote.HttpCommandExecutor.execute(HttpCommandExecutor.java:158)
at io.appium.java_client.remote.AppiumCommandExecutor.execute(AppiumCommandExecutor.java:239)
at org.openqa.selenium.remote.RemoteWebDriver.execute(RemoteWebDriver.java:552)
at io.appium.java_client.DefaultGenericMobileDriver.execute(DefaultGenericMobileDriver.java:46)
at io.appium.java_client.AppiumDriver.execute(AppiumDriver.java:1)
at io.appium.java_client.android.AndroidDriver.execute(AndroidDriver.java:1)
at io.appium.java_client.HasSessionDetails.getSessionDetails(HasSessionDetails.java:39)
at io.appium.java_client.HasSessionDetails.getSessionDetail(HasSessionDetails.java:56)
at io.appium.java_client.HasSessionDetails.getPlatformName(HasSessionDetails.java:65)
at io.appium.java_client.pagefactory.AppiumFieldDecorator.<init>(AppiumFieldDecorator.java:96)
at io.appium.java_client.pagefactory.AppiumFieldDecorator.<init>(AppiumFieldDecorator.java:144)
at com.ERA.base.Base.<init>(Base.java:59)
at driverApi.API_GetBaseURLTest.<init>(API_GetBaseURLTest.java:11)
at driverApi.Get_Driver_location2_Test.LocationdataProivder11(Get_Driver_location2_Test.java:406)
at java.util.concurrent.ThreadPoolExecutor.runWorker(ThreadPoolExecutor.java:1149)
at java.util.concurrent.ThreadPoolExecutor$Worker.run(ThreadPoolExecutor.java:624)
at java.lang.Thread.run(Thread.java:750)
... Removed 16 stack frames]]>
    </failure>
  </testcase> <!-- LocationdataProivder11 -->
  <testcase name="completejob" time="102.006" classname="driverApi.Get_Driver_location2_Test">
    <failure type="org.openqa.selenium.WebDriverException" message="An unknown server-side error occurred while processing the command. Original error: &amp;apos;GET /&amp;apos; cannot be proxied to UiAutomator2 server because the instrumentation process is not running (probably crashed). Check the server log and/or the logcat output for more details
Build info: version: &amp;apos;3.141.59&amp;apos;, revision: &amp;apos;e82be7d358&amp;apos;, time: &amp;apos;2018-11-14T08:17:03&amp;apos;
System info: host: &amp;apos;AS-40&amp;apos;, ip: &amp;apos;192.168.8.101&amp;apos;, os.name: &amp;apos;Windows 10&amp;apos;, os.arch: &amp;apos;x86&amp;apos;, os.version: &amp;apos;10.0&amp;apos;, java.version: &amp;apos;1.8.0_352-352&amp;apos;
Driver info: io.appium.java_client.android.AndroidDriver
Capabilities {AUTOMATION_NAME: UiAutomator2, appActivity: com.eci.era.splash.presenta..., appPackage: com.eci.era, databaseEnabled: false, desired: {AUTOMATION_NAME: UiAutomator2, appActivity: com.eci.era.splash.presenta..., appPackage: com.eci.era, deviceName: Galaxy Note9 Testing, enforceAppInstall: false, newCommandTimeout: 2000, noReset: true, noSign: true, platformName: android, platformVersion: 10, remoteAppsCacheLimit: 0, skipServerInstallation: false, suppressKillServer: false, udid: 3232314f42423498}, deviceApiLevel: 29, deviceManufacturer: samsung, deviceModel: SM-N960F, deviceName: 3232314f42423498, deviceScreenDensity: 420, deviceScreenSize: 1080x2220, deviceUDID: 3232314f42423498, enforceAppInstall: false, javascriptEnabled: true, locationContextEnabled: false, networkConnectionEnabled: true, newCommandTimeout: 2000, noReset: true, noSign: true, pixelRatio: 2.625, platform: LINUX, platformName: Android, platformVersion: 10, remoteAppsCacheLimit: 0, skipServerInstallation: false, statBarHeight: 63, suppressKillServer: false, takesScreenshot: true, udid: 3232314f42423498, viewportRect: {height: 2031, left: 0, top: 63, width: 1080}, warnings: {}, webStorageEnabled: false}
Session ID: 597295f5-97b5-4d4f-89df-2d8a69e4b8fc">
      <![CDATA[org.openqa.selenium.WebDriverException: An unknown server-side error occurred while processing the command. Original error: 'GET /' cannot be proxied to UiAutomator2 server because the instrumentation process is not running (probably crashed). Check the server log and/or the logcat output for more details
Build info: version: '3.141.59', revision: 'e82be7d358', time: '2018-11-14T08:17:03'
System info: host: 'AS-40', ip: '192.168.8.101', os.name: 'Windows 10', os.arch: 'x86', os.version: '10.0', java.version: '1.8.0_352-352'
Driver info: io.appium.java_client.android.AndroidDriver
Capabilities {AUTOMATION_NAME: UiAutomator2, appActivity: com.eci.era.splash.presenta..., appPackage: com.eci.era, databaseEnabled: false, desired: {AUTOMATION_NAME: UiAutomator2, appActivity: com.eci.era.splash.presenta..., appPackage: com.eci.era, deviceName: Galaxy Note9 Testing, enforceAppInstall: false, newCommandTimeout: 2000, noReset: true, noSign: true, platformName: android, platformVersion: 10, remoteAppsCacheLimit: 0, skipServerInstallation: false, suppressKillServer: false, udid: 3232314f42423498}, deviceApiLevel: 29, deviceManufacturer: samsung, deviceModel: SM-N960F, deviceName: 3232314f42423498, deviceScreenDensity: 420, deviceScreenSize: 1080x2220, deviceUDID: 3232314f42423498, enforceAppInstall: false, javascriptEnabled: true, locationContextEnabled: false, networkConnectionEnabled: true, newCommandTimeout: 2000, noReset: true, noSign: true, pixelRatio: 2.625, platform: LINUX, platformName: Android, platformVersion: 10, remoteAppsCacheLimit: 0, skipServerInstallation: false, statBarHeight: 63, suppressKillServer: false, takesScreenshot: true, udid: 3232314f42423498, viewportRect: {height: 2031, left: 0, top: 63, width: 1080}, warnings: {}, webStorageEnabled: false}
Session ID: 597295f5-97b5-4d4f-89df-2d8a69e4b8fc
at org.openqa.selenium.remote.http.W3CHttpResponseCodec.createException(W3CHttpResponseCodec.java:187)
at org.openqa.selenium.remote.http.W3CHttpResponseCodec.decode(W3CHttpResponseCodec.java:122)
at org.openqa.selenium.remote.http.W3CHttpResponseCodec.decode(W3CHttpResponseCodec.java:49)
at org.openqa.selenium.remote.HttpCommandExecutor.execute(HttpCommandExecutor.java:158)
at io.appium.java_client.remote.AppiumCommandExecutor.execute(AppiumCommandExecutor.java:239)
at org.openqa.selenium.remote.RemoteWebDriver.execute(RemoteWebDriver.java:552)
at io.appium.java_client.DefaultGenericMobileDriver.execute(DefaultGenericMobileDriver.java:46)
at io.appium.java_client.AppiumDriver.execute(AppiumDriver.java:1)
at io.appium.java_client.android.AndroidDriver.execute(AndroidDriver.java:1)
at io.appium.java_client.HasSessionDetails.getSessionDetails(HasSessionDetails.java:39)
at io.appium.java_client.HasSessionDetails.getSessionDetail(HasSessionDetails.java:56)
at io.appium.java_client.HasSessionDetails.getPlatformName(HasSessionDetails.java:65)
at io.appium.java_client.pagefactory.AppiumFieldDecorator.<init>(AppiumFieldDecorator.java:96)
at io.appium.java_client.pagefactory.AppiumFieldDecorator.<init>(AppiumFieldDecorator.java:144)
at com.ERA.base.Base.<init>(Base.java:59)
at driverApi.API_GetBaseURLTest.<init>(API_GetBaseURLTest.java:11)
at driverApi.Get_Driver_location2_Test.completejob(Get_Driver_location2_Test.java:452)
at java.util.concurrent.ThreadPoolExecutor.runWorker(ThreadPoolExecutor.java:1149)
at java.util.concurrent.ThreadPoolExecutor$Worker.run(ThreadPoolExecutor.java:624)
at java.lang.Thread.run(Thread.java:750)
... Removed 16 stack frames]]>
    </failure>
  </testcase> <!-- completejob -->
</testsuite> <!-- collected -->
