<?xml version="1.0" encoding="UTF-8"?>
<!-- Generated by org.testng.reporters.JUnitXMLReporter -->
<testsuite hostname="AS-40" ignored="21" name="DubaiPoliceAddNewRequest" tests="20" failures="0" timestamp="2023-01-16T14:36:34 EET" time="92.13" errors="0">
  <testcase name="clcallowLocationPermissionTestLogin" time="5.029" classname="common.allowLocationPermissionTest"/>
  <testcase name="clcikLogin" time="3.194" classname="login.ClickloginbuttonfromHomescreenTest"/>
  <testcase name="SelectCountyCode" time="0.327" classname="login.ClickloginbuttonfromHomescreenTest"/>
  <testcase name="Searchforcounrty" time="0.529" classname="login.ClickloginbuttonfromHomescreenTest"/>
  <testcase name="SelectEgypt" time="0.471" classname="login.ClickloginbuttonfromHomescreenTest"/>
  <testcase name="addPoliceMobileNumber" time="0.854" classname="login.ClickloginbuttonfromHomescreenTest"/>
  <testcase name="clickContinue" time="0.251" classname="login.ClickloginbuttonfromHomescreenTest"/>
  <testcase name="getotpPolice" time="8.833" classname="login.ClickloginbuttonfromHomescreenTest"/>
  <testcase name="confirmlocation" time="5.379" classname="DubaiPoliceAccount.DubaiPoliceTest"/>
  <testcase name="selectSubService" time="0.344" classname="DubaiPoliceAccount.DubaiPoliceTest"/>
  <testcase name="confirmSubService" time="0.698" classname="DubaiPoliceAccount.DubaiPoliceTest"/>
  <testcase name="takeImage" time="0.227" classname="DubaiPoliceAccount.ImageHappyPathTest"/>
  <testcase name="allowcameraPermission" time="1.268" classname="DubaiPoliceAccount.ImageHappyPathTest"/>
  <testcase name="cameraTakeImage" time="1.208" classname="DubaiPoliceAccount.ImageHappyPathTest"/>
  <testcase name="ConfirmImage" time="0.351" classname="DubaiPoliceAccount.ImageHappyPathTest"/>
  <testcase name="ConfirmImagebutton" time="0.388" classname="DubaiPoliceAccount.ImageHappyPathTest"/>
  <testcase name="SelectropOff" time="0.917" classname="DubaiPoliceAccount.DropOffTest"/>
  <testcase name="confirmdropOff" time="0.241" classname="DubaiPoliceAccount.DropOffTest"/>
  <testcase name="confirmSummery" time="15.519" classname="DubaiPoliceAccount.SummeryHappyPathTest"/>
  <testcase name="finish" time="2.344" classname="DubaiPoliceAccount.SummeryHappyPathTest"/>
  <testcase name="viewRequestetails" time="0.0" classname="DubaiPoliceAccount.SummeryHappyPathTest">
    <ignored/>
  </testcase> <!-- viewRequestetails -->
  <testcase name="getotpRTA" time="0.0" classname="login.ClickloginbuttonfromHomescreenTest">
    <ignored/>
  </testcase> <!-- getotpRTA -->
  <testcase name="@BeforeSuite beforeSuite" time="0.0" classname="com.ERA.base.Base">
    <ignored/>
  </testcase> <!-- @BeforeSuite beforeSuite -->
  <testcase name="@BeforeSuite beforeSuite" time="0.0" classname="com.ERA.base.Base">
    <ignored/>
  </testcase> <!-- @BeforeSuite beforeSuite -->
  <testcase name="@BeforeSuite beforeSuite" time="0.0" classname="com.ERA.base.Base">
    <ignored/>
  </testcase> <!-- @BeforeSuite beforeSuite -->
  <testcase name="@BeforeSuite beforeSuite" time="0.0" classname="com.ERA.base.Base">
    <ignored/>
  </testcase> <!-- @BeforeSuite beforeSuite -->
  <testcase name="@BeforeSuite beforeSuite" time="0.0" classname="com.ERA.base.Base">
    <ignored/>
  </testcase> <!-- @BeforeSuite beforeSuite -->
  <testcase name="getotp" time="0.0" classname="login.ClickloginbuttonfromHomescreenTest">
    <ignored/>
  </testcase> <!-- getotp -->
  <testcase name="addMobileNumber" time="0.0" classname="login.ClickloginbuttonfromHomescreenTest">
    <ignored/>
  </testcase> <!-- addMobileNumber -->
  <testcase name="SelectropOff2" time="0.0" classname="DubaiPoliceAccount.DropOffTest">
    <ignored/>
  </testcase> <!-- SelectropOff2 -->
  <testcase name="@BeforeTest beforeClass" time="0.0" classname="com.ERA.base.Base">
    <ignored/>
  </testcase> <!-- @BeforeTest beforeClass -->
  <testcase name="@BeforeTest beforeClass" time="0.0" classname="com.ERA.base.Base">
    <ignored/>
  </testcase> <!-- @BeforeTest beforeClass -->
  <testcase name="@BeforeTest beforeClass" time="0.0" classname="com.ERA.base.Base">
    <ignored/>
  </testcase> <!-- @BeforeTest beforeClass -->
  <testcase name="@BeforeTest beforeClass" time="0.0" classname="com.ERA.base.Base">
    <ignored/>
  </testcase> <!-- @BeforeTest beforeClass -->
  <testcase name="@BeforeTest beforeClass" time="0.0" classname="com.ERA.base.Base">
    <ignored/>
  </testcase> <!-- @BeforeTest beforeClass -->
  <testcase name="@AfterSuite afterSuite" time="0.0" classname="com.ERA.base.Base">
    <ignored/>
  </testcase> <!-- @AfterSuite afterSuite -->
  <testcase name="@AfterSuite afterSuite" time="0.0" classname="com.ERA.base.Base">
    <ignored/>
  </testcase> <!-- @AfterSuite afterSuite -->
  <testcase name="@AfterSuite afterSuite" time="0.0" classname="com.ERA.base.Base">
    <ignored/>
  </testcase> <!-- @AfterSuite afterSuite -->
  <testcase name="@AfterSuite afterSuite" time="0.0" classname="com.ERA.base.Base">
    <ignored/>
  </testcase> <!-- @AfterSuite afterSuite -->
  <testcase name="@AfterSuite afterSuite" time="0.0" classname="com.ERA.base.Base">
    <ignored/>
  </testcase> <!-- @AfterSuite afterSuite -->
  <testcase name="add_RTA_MobileNumber" time="0.0" classname="login.ClickloginbuttonfromHomescreenTest">
    <ignored/>
  </testcase> <!-- add_RTA_MobileNumber -->
</testsuite> <!-- DubaiPoliceAddNewRequest -->
