<?xml version="1.0" encoding="UTF-8"?>
<!-- Generated by org.testng.reporters.JUnitXMLReporter -->
<testsuite hostname="AS-40" ignored="19" name="RTA Add New Request" tests="18" failures="0" timestamp="2023-01-16T15:47:35 EET" time="95.033" errors="0">
  <testcase name="clcallowLocationPermissionTestLogin" time="3.724" classname="common.allowLocationPermissionTest"/>
  <testcase name="clcikLogin" time="2.618" classname="login.ClickloginbuttonfromHomescreenTest"/>
  <testcase name="SelectCountyCode" time="0.275" classname="login.ClickloginbuttonfromHomescreenTest"/>
  <testcase name="Searchforcounrty" time="0.493" classname="login.ClickloginbuttonfromHomescreenTest"/>
  <testcase name="SelectEgypt" time="0.447" classname="login.ClickloginbuttonfromHomescreenTest"/>
  <testcase name="add_RTA_MobileNumber" time="0.92" classname="login.ClickloginbuttonfromHomescreenTest"/>
  <testcase name="clickContinue" time="0.919" classname="login.ClickloginbuttonfromHomescreenTest"/>
  <testcase name="getotpRTA" time="8.966" classname="login.ClickloginbuttonfromHomescreenTest"/>
  <testcase name="confirmlocation" time="10.364" classname="RTA.RTATest"/>
  <testcase name="selectSubService" time="0.472" classname="RTA.RTATest"/>
  <testcase name="confirmSubService" time="0.264" classname="RTA.RTATest"/>
  <testcase name="takeImage" time="0.246" classname="RTA.ImageHappyPathTest"/>
  <testcase name="allowcameraPermission" time="0.213" classname="RTA.ImageHappyPathTest"/>
  <testcase name="cameraTakeImage" time="1.19" classname="RTA.ImageHappyPathTest"/>
  <testcase name="ConfirmImage" time="0.307" classname="RTA.ImageHappyPathTest"/>
  <testcase name="ConfirmImagebutton" time="0.319" classname="RTA.ImageHappyPathTest"/>
  <testcase name="confirmdropOff" time="0.839" classname="RTA.DropOffTest"/>
  <testcase name="confirmSummery" time="15.267" classname="RTA.SummeryHappyPathTest"/>
  <testcase name="addPoliceMobileNumber" time="0.0" classname="login.ClickloginbuttonfromHomescreenTest">
    <ignored/>
  </testcase> <!-- addPoliceMobileNumber -->
  <testcase name="@BeforeSuite beforeSuite" time="0.0" classname="com.ERA.base.Base">
    <ignored/>
  </testcase> <!-- @BeforeSuite beforeSuite -->
  <testcase name="@BeforeSuite beforeSuite" time="0.0" classname="com.ERA.base.Base">
    <ignored/>
  </testcase> <!-- @BeforeSuite beforeSuite -->
  <testcase name="@BeforeSuite beforeSuite" time="0.0" classname="com.ERA.base.Base">
    <ignored/>
  </testcase> <!-- @BeforeSuite beforeSuite -->
  <testcase name="@BeforeSuite beforeSuite" time="0.0" classname="com.ERA.base.Base">
    <ignored/>
  </testcase> <!-- @BeforeSuite beforeSuite -->
  <testcase name="@BeforeSuite beforeSuite" time="0.0" classname="com.ERA.base.Base">
    <ignored/>
  </testcase> <!-- @BeforeSuite beforeSuite -->
  <testcase name="getotp" time="0.0" classname="login.ClickloginbuttonfromHomescreenTest">
    <ignored/>
  </testcase> <!-- getotp -->
  <testcase name="addMobileNumber" time="0.0" classname="login.ClickloginbuttonfromHomescreenTest">
    <ignored/>
  </testcase> <!-- addMobileNumber -->
  <testcase name="@BeforeTest beforeClass" time="0.0" classname="com.ERA.base.Base">
    <ignored/>
  </testcase> <!-- @BeforeTest beforeClass -->
  <testcase name="@BeforeTest beforeClass" time="0.0" classname="com.ERA.base.Base">
    <ignored/>
  </testcase> <!-- @BeforeTest beforeClass -->
  <testcase name="@BeforeTest beforeClass" time="0.0" classname="com.ERA.base.Base">
    <ignored/>
  </testcase> <!-- @BeforeTest beforeClass -->
  <testcase name="@BeforeTest beforeClass" time="0.0" classname="com.ERA.base.Base">
    <ignored/>
  </testcase> <!-- @BeforeTest beforeClass -->
  <testcase name="@BeforeTest beforeClass" time="0.0" classname="com.ERA.base.Base">
    <ignored/>
  </testcase> <!-- @BeforeTest beforeClass -->
  <testcase name="getotpPolice" time="0.0" classname="login.ClickloginbuttonfromHomescreenTest">
    <ignored/>
  </testcase> <!-- getotpPolice -->
  <testcase name="@AfterSuite afterSuite" time="0.0" classname="com.ERA.base.Base">
    <ignored/>
  </testcase> <!-- @AfterSuite afterSuite -->
  <testcase name="@AfterSuite afterSuite" time="0.0" classname="com.ERA.base.Base">
    <ignored/>
  </testcase> <!-- @AfterSuite afterSuite -->
  <testcase name="@AfterSuite afterSuite" time="0.0" classname="com.ERA.base.Base">
    <ignored/>
  </testcase> <!-- @AfterSuite afterSuite -->
  <testcase name="@AfterSuite afterSuite" time="0.0" classname="com.ERA.base.Base">
    <ignored/>
  </testcase> <!-- @AfterSuite afterSuite -->
  <testcase name="@AfterSuite afterSuite" time="0.0" classname="com.ERA.base.Base">
    <ignored/>
  </testcase> <!-- @AfterSuite afterSuite -->
</testsuite> <!-- RTA Add New Request -->
