<?xml version="1.0" encoding="UTF-8"?>
<!-- Generated by org.testng.reporters.JUnitXMLReporter -->
<testsuite hostname="AS-40" ignored="23" name="SummeryTest" tests="62" failures="0" timestamp="2022-12-18T11:08:51 EET" time="25.292" errors="0">
  <testcase name="@BeforeTest beforeClass" time="24.694" classname="com.ERA.base.Base">
    <failure type="org.openqa.selenium.SessionNotCreatedException" message="Unable to create a new remote session. Please check the server log for more details. Original error: An unknown server-side error occurred while processing the command. Original error: Error executing adbExec. Original error: &amp;apos;Command &amp;apos;C:\\Users\\amira\\AppData\\Local\\Android\\Sdk\\platform-tools\\adb.exe -P 5037 -s TGKVHUK7LVOZS8E6 shell pm clear com.eci.era&amp;apos; exited with code 1&amp;apos;; Stderr: &amp;apos;Failed&amp;apos;; Code: &amp;apos;1&amp;apos;
Build info: version: &amp;apos;3.141.59&amp;apos;, revision: &amp;apos;e82be7d358&amp;apos;, time: &amp;apos;2018-11-14T08:17:03&amp;apos;
System info: host: &amp;apos;AS-40&amp;apos;, ip: &amp;apos;192.168.80.157&amp;apos;, os.name: &amp;apos;Windows 10&amp;apos;, os.arch: &amp;apos;amd64&amp;apos;, os.version: &amp;apos;10.0&amp;apos;, java.version: &amp;apos;1.8.0-262&amp;apos;
Driver info: driver.version: AndroidDriver
remote stacktrace: UnknownError: An unknown server-side error occurred while processing the command. Original error: Error executing adbExec. Original error: &amp;apos;Command &amp;apos;C:\\Users\\amira\\AppData\\Local\\Android\\Sdk\\platform-tools\\adb.exe -P 5037 -s TGKVHUK7LVOZS8E6 shell pm clear com.eci.era&amp;apos; exited with code 1&amp;apos;; Stderr: &amp;apos;Failed&amp;apos;; Code: &amp;apos;1&amp;apos;
    at getResponseForW3CError (C:\Program Files\Appium Server GUI\resources\app\node_modules\appium\node_modules\appium-base-driver\lib\protocol\errors.js:804:9)
    at asyncHandler (C:\Program Files\Appium Server GUI\resources\app\node_modules\appium\node_modules\appium-base-driver\lib\protocol\protocol.js:380:37)
Build info: version: &amp;apos;3.141.59&amp;apos;, revision: &amp;apos;e82be7d358&amp;apos;, time: &amp;apos;2018-11-14T08:17:03&amp;apos;
System info: host: &amp;apos;AS-40&amp;apos;, ip: &amp;apos;192.168.80.157&amp;apos;, os.name: &amp;apos;Windows 10&amp;apos;, os.arch: &amp;apos;amd64&amp;apos;, os.version: &amp;apos;10.0&amp;apos;, java.version: &amp;apos;1.8.0-262&amp;apos;
Driver info: driver.version: AndroidDriver">
      <![CDATA[org.openqa.selenium.SessionNotCreatedException: Unable to create a new remote session. Please check the server log for more details. Original error: An unknown server-side error occurred while processing the command. Original error: Error executing adbExec. Original error: 'Command 'C:\\Users\\amira\\AppData\\Local\\Android\\Sdk\\platform-tools\\adb.exe -P 5037 -s TGKVHUK7LVOZS8E6 shell pm clear com.eci.era' exited with code 1'; Stderr: 'Failed'; Code: '1'
Build info: version: '3.141.59', revision: 'e82be7d358', time: '2018-11-14T08:17:03'
System info: host: 'AS-40', ip: '192.168.80.157', os.name: 'Windows 10', os.arch: 'amd64', os.version: '10.0', java.version: '1.8.0-262'
Driver info: driver.version: AndroidDriver
remote stacktrace: UnknownError: An unknown server-side error occurred while processing the command. Original error: Error executing adbExec. Original error: 'Command 'C:\\Users\\amira\\AppData\\Local\\Android\\Sdk\\platform-tools\\adb.exe -P 5037 -s TGKVHUK7LVOZS8E6 shell pm clear com.eci.era' exited with code 1'; Stderr: 'Failed'; Code: '1'
    at getResponseForW3CError (C:\Program Files\Appium Server GUI\resources\app\node_modules\appium\node_modules\appium-base-driver\lib\protocol\errors.js:804:9)
    at asyncHandler (C:\Program Files\Appium Server GUI\resources\app\node_modules\appium\node_modules\appium-base-driver\lib\protocol\protocol.js:380:37)
Build info: version: '3.141.59', revision: 'e82be7d358', time: '2018-11-14T08:17:03'
System info: host: 'AS-40', ip: '192.168.80.157', os.name: 'Windows 10', os.arch: 'amd64', os.version: '10.0', java.version: '1.8.0-262'
Driver info: driver.version: AndroidDriver
at io.appium.java_client.remote.AppiumCommandExecutor$1.createSession(AppiumCommandExecutor.java:208)
at io.appium.java_client.remote.AppiumCommandExecutor.createSession(AppiumCommandExecutor.java:217)
at io.appium.java_client.remote.AppiumCommandExecutor.execute(AppiumCommandExecutor.java:239)
at org.openqa.selenium.remote.RemoteWebDriver.execute(RemoteWebDriver.java:552)
at io.appium.java_client.DefaultGenericMobileDriver.execute(DefaultGenericMobileDriver.java:42)
at io.appium.java_client.AppiumDriver.execute(AppiumDriver.java:1)
at io.appium.java_client.android.AndroidDriver.execute(AndroidDriver.java:1)
at org.openqa.selenium.remote.RemoteWebDriver.startSession(RemoteWebDriver.java:213)
at org.openqa.selenium.remote.RemoteWebDriver.<init>(RemoteWebDriver.java:131)
at io.appium.java_client.DefaultGenericMobileDriver.<init>(DefaultGenericMobileDriver.java:38)
at io.appium.java_client.AppiumDriver.<init>(AppiumDriver.java:84)
at io.appium.java_client.AppiumDriver.<init>(AppiumDriver.java:94)
at io.appium.java_client.android.AndroidDriver.<init>(AndroidDriver.java:95)
at com.ERA.base.Base.beforeClass(Base.java:560)
at io.appium.java_client.remote.AppiumCommandExecutor$1.createSession(AppiumCommandExecutor.java:186)
... 37 more
Caused by: org.openqa.selenium.WebDriverException: An unknown server-side error occurred while processing the command. Original error: Error executing adbExec. Original error: 'Command 'C:\\Users\\amira\\AppData\\Local\\Android\\Sdk\\platform-tools\\adb.exe -P 5037 -s TGKVHUK7LVOZS8E6 shell pm clear com.eci.era' exited with code 1'; Stderr: 'Failed'; Code: '1'
Build info: version: '3.141.59', revision: 'e82be7d358', time: '2018-11-14T08:17:03'
System info: host: 'AS-40', ip: '192.168.80.157', os.name: 'Windows 10', os.arch: 'amd64', os.version: '10.0', java.version: '1.8.0-262'
Driver info: driver.version: AndroidDriver
remote stacktrace: UnknownError: An unknown server-side error occurred while processing the command. Original error: Error executing adbExec. Original error: 'Command 'C:\\Users\\amira\\AppData\\Local\\Android\\Sdk\\platform-tools\\adb.exe -P 5037 -s TGKVHUK7LVOZS8E6 shell pm clear com.eci.era' exited with code 1'; Stderr: 'Failed'; Code: '1'
    at getResponseForW3CError (C:\Program Files\Appium Server GUI\resources\app\node_modules\appium\node_modules\appium-base-driver\lib\protocol\errors.js:804:9)
    at asyncHandler (C:\Program Files\Appium Server GUI\resources\app\node_modules\appium\node_modules\appium-base-driver\lib\protocol\protocol.js:380:37)
at org.openqa.selenium.remote.W3CHandshakeResponse.lambda$errorHandler$0(W3CHandshakeResponse.java:62)
at org.openqa.selenium.remote.HandshakeResponse.lambda$getResponseFunction$0(HandshakeResponse.java:30)
at org.openqa.selenium.remote.ProtocolHandshake.lambda$createSession$0(ProtocolHandshake.java:126)
at java.util.stream.ReferencePipeline$3$1.accept(ReferencePipeline.java:193)
at java.util.Spliterators$ArraySpliterator.tryAdvance(Spliterators.java:958)
at java.util.stream.ReferencePipeline.forEachWithCancel(ReferencePipeline.java:126)
at java.util.stream.AbstractPipeline.copyIntoWithCancel(AbstractPipeline.java:499)
at java.util.stream.AbstractPipeline.copyInto(AbstractPipeline.java:486)
at java.util.stream.AbstractPipeline.wrapAndCopyInto(AbstractPipeline.java:472)
at java.util.stream.FindOps$FindOp.evaluateSequential(FindOps.java:152)
at java.util.stream.AbstractPipeline.evaluate(AbstractPipeline.java:234)
at java.util.stream.ReferencePipeline.findFirst(ReferencePipeline.java:531)
at org.openqa.selenium.remote.ProtocolHandshake.createSession(ProtocolHandshake.java:128)
... 42 more
... Removed 33 stack frames]]>
    </failure>
  </testcase> <!-- @BeforeTest beforeClass -->
  <testcase name="@BeforeMethod beforeMethod" time="-1.671354531327E9" classname="com.ERA.base.Base">
    <skipped/>
  </testcase> <!-- @BeforeMethod beforeMethod -->
  <testcase name="@AfterMethod afterMethod" time="-1.671354531333E9" classname="com.ERA.base.Base">
    <skipped/>
  </testcase> <!-- @AfterMethod afterMethod -->
  <testcase name="@BeforeMethod beforeMethod" time="-1.671354531337E9" classname="com.ERA.base.Base">
    <skipped/>
  </testcase> <!-- @BeforeMethod beforeMethod -->
  <testcase name="@AfterMethod afterMethod" time="-1.67135453134E9" classname="com.ERA.base.Base">
    <skipped/>
  </testcase> <!-- @AfterMethod afterMethod -->
  <testcase name="@BeforeMethod beforeMethod" time="-1.671354531341E9" classname="com.ERA.base.Base">
    <skipped/>
  </testcase> <!-- @BeforeMethod beforeMethod -->
  <testcase name="@AfterMethod afterMethod" time="-1.671354531345E9" classname="com.ERA.base.Base">
    <skipped/>
  </testcase> <!-- @AfterMethod afterMethod -->
  <testcase name="@BeforeMethod beforeMethod" time="-1.671354531346E9" classname="com.ERA.base.Base">
    <skipped/>
  </testcase> <!-- @BeforeMethod beforeMethod -->
  <testcase name="@AfterMethod afterMethod" time="-1.671354531348E9" classname="com.ERA.base.Base">
    <skipped/>
  </testcase> <!-- @AfterMethod afterMethod -->
  <testcase name="@BeforeMethod beforeMethod" time="-1.671354531348E9" classname="com.ERA.base.Base">
    <skipped/>
  </testcase> <!-- @BeforeMethod beforeMethod -->
  <testcase name="@AfterMethod afterMethod" time="-1.671354531351E9" classname="com.ERA.base.Base">
    <skipped/>
  </testcase> <!-- @AfterMethod afterMethod -->
  <testcase name="@BeforeMethod beforeMethod" time="-1.671354531351E9" classname="com.ERA.base.Base">
    <skipped/>
  </testcase> <!-- @BeforeMethod beforeMethod -->
  <testcase name="@AfterMethod afterMethod" time="-1.671354531353E9" classname="com.ERA.base.Base">
    <skipped/>
  </testcase> <!-- @AfterMethod afterMethod -->
  <testcase name="@BeforeMethod beforeMethod" time="-1.671354531756E9" classname="com.ERA.base.Base">
    <skipped/>
  </testcase> <!-- @BeforeMethod beforeMethod -->
  <testcase name="@AfterMethod afterMethod" time="-1.671354531759E9" classname="com.ERA.base.Base">
    <skipped/>
  </testcase> <!-- @AfterMethod afterMethod -->
  <testcase name="@BeforeMethod beforeMethod" time="-1.671354531759E9" classname="com.ERA.base.Base">
    <skipped/>
  </testcase> <!-- @BeforeMethod beforeMethod -->
  <testcase name="@AfterMethod afterMethod" time="-1.671354531762E9" classname="com.ERA.base.Base">
    <skipped/>
  </testcase> <!-- @AfterMethod afterMethod -->
  <testcase name="@BeforeMethod beforeMethod" time="-1.671354531792E9" classname="com.ERA.base.Base">
    <skipped/>
  </testcase> <!-- @BeforeMethod beforeMethod -->
  <testcase name="@AfterMethod afterMethod" time="-1.671354531794E9" classname="com.ERA.base.Base">
    <skipped/>
  </testcase> <!-- @AfterMethod afterMethod -->
  <testcase name="@BeforeMethod beforeMethod" time="-1.671354531794E9" classname="com.ERA.base.Base">
    <skipped/>
  </testcase> <!-- @BeforeMethod beforeMethod -->
  <testcase name="@AfterMethod afterMethod" time="-1.671354531796E9" classname="com.ERA.base.Base">
    <skipped/>
  </testcase> <!-- @AfterMethod afterMethod -->
  <testcase name="@BeforeMethod beforeMethod" time="-1.671354531796E9" classname="com.ERA.base.Base">
    <skipped/>
  </testcase> <!-- @BeforeMethod beforeMethod -->
  <testcase name="@AfterMethod afterMethod" time="-1.671354531798E9" classname="com.ERA.base.Base">
    <skipped/>
  </testcase> <!-- @AfterMethod afterMethod -->
  <testcase name="@BeforeMethod beforeMethod" time="-1.671354531798E9" classname="com.ERA.base.Base">
    <skipped/>
  </testcase> <!-- @BeforeMethod beforeMethod -->
  <testcase name="@AfterMethod afterMethod" time="-1.671354531799E9" classname="com.ERA.base.Base">
    <skipped/>
  </testcase> <!-- @AfterMethod afterMethod -->
  <testcase name="@BeforeMethod beforeMethod" time="-1.6713545318E9" classname="com.ERA.base.Base">
    <skipped/>
  </testcase> <!-- @BeforeMethod beforeMethod -->
  <testcase name="@AfterMethod afterMethod" time="-1.671354531801E9" classname="com.ERA.base.Base">
    <skipped/>
  </testcase> <!-- @AfterMethod afterMethod -->
  <testcase name="@BeforeMethod beforeMethod" time="-1.671354531801E9" classname="com.ERA.base.Base">
    <skipped/>
  </testcase> <!-- @BeforeMethod beforeMethod -->
  <testcase name="@AfterMethod afterMethod" time="-1.671354531803E9" classname="com.ERA.base.Base">
    <skipped/>
  </testcase> <!-- @AfterMethod afterMethod -->
  <testcase name="@BeforeMethod beforeMethod" time="-1.671354531803E9" classname="com.ERA.base.Base">
    <skipped/>
  </testcase> <!-- @BeforeMethod beforeMethod -->
  <testcase name="@AfterMethod afterMethod" time="-1.671354531804E9" classname="com.ERA.base.Base">
    <skipped/>
  </testcase> <!-- @AfterMethod afterMethod -->
  <testcase name="@BeforeMethod beforeMethod" time="-1.671354531805E9" classname="com.ERA.base.Base">
    <skipped/>
  </testcase> <!-- @BeforeMethod beforeMethod -->
  <testcase name="@AfterMethod afterMethod" time="-1.671354531806E9" classname="com.ERA.base.Base">
    <skipped/>
  </testcase> <!-- @AfterMethod afterMethod -->
  <testcase name="@BeforeMethod beforeMethod" time="-1.671354531807E9" classname="com.ERA.base.Base">
    <skipped/>
  </testcase> <!-- @BeforeMethod beforeMethod -->
  <testcase name="@AfterMethod afterMethod" time="-1.671354531808E9" classname="com.ERA.base.Base">
    <skipped/>
  </testcase> <!-- @AfterMethod afterMethod -->
  <testcase name="@BeforeMethod beforeMethod" time="-1.671354531809E9" classname="com.ERA.base.Base">
    <skipped/>
  </testcase> <!-- @BeforeMethod beforeMethod -->
  <testcase name="@AfterMethod afterMethod" time="-1.67135453181E9" classname="com.ERA.base.Base">
    <skipped/>
  </testcase> <!-- @AfterMethod afterMethod -->
  <testcase name="@BeforeMethod beforeMethod" time="-1.67135453181E9" classname="com.ERA.base.Base">
    <skipped/>
  </testcase> <!-- @BeforeMethod beforeMethod -->
  <testcase name="@AfterMethod afterMethod" time="-1.671354531813E9" classname="com.ERA.base.Base">
    <skipped/>
  </testcase> <!-- @AfterMethod afterMethod -->
  <testcase name="@BeforeMethod beforeMethod" time="-1.671354531813E9" classname="com.ERA.base.Base">
    <skipped/>
  </testcase> <!-- @BeforeMethod beforeMethod -->
  <testcase name="@AfterMethod afterMethod" time="-1.671354531814E9" classname="com.ERA.base.Base">
    <skipped/>
  </testcase> <!-- @AfterMethod afterMethod -->
  <testcase name="@BeforeMethod beforeMethod" time="-1.671354531815E9" classname="com.ERA.base.Base">
    <skipped/>
  </testcase> <!-- @BeforeMethod beforeMethod -->
  <testcase name="@AfterMethod afterMethod" time="-1.671354531817E9" classname="com.ERA.base.Base">
    <skipped/>
  </testcase> <!-- @AfterMethod afterMethod -->
  <testcase name="@BeforeMethod beforeMethod" time="-1.671354531818E9" classname="com.ERA.base.Base">
    <skipped/>
  </testcase> <!-- @BeforeMethod beforeMethod -->
  <testcase name="@AfterMethod afterMethod" time="-1.67135453182E9" classname="com.ERA.base.Base">
    <skipped/>
  </testcase> <!-- @AfterMethod afterMethod -->
  <testcase name="@BeforeMethod beforeMethod" time="-1.671354531821E9" classname="com.ERA.base.Base">
    <skipped/>
  </testcase> <!-- @BeforeMethod beforeMethod -->
  <testcase name="@AfterMethod afterMethod" time="-1.671354531823E9" classname="com.ERA.base.Base">
    <skipped/>
  </testcase> <!-- @AfterMethod afterMethod -->
  <testcase name="@BeforeMethod beforeMethod" time="-1.671354531823E9" classname="com.ERA.base.Base">
    <skipped/>
  </testcase> <!-- @BeforeMethod beforeMethod -->
  <testcase name="@AfterMethod afterMethod" time="-1.671354531825E9" classname="com.ERA.base.Base">
    <skipped/>
  </testcase> <!-- @AfterMethod afterMethod -->
  <testcase name="@BeforeMethod beforeMethod" time="-1.671354531826E9" classname="com.ERA.base.Base">
    <skipped/>
  </testcase> <!-- @BeforeMethod beforeMethod -->
  <testcase name="@AfterMethod afterMethod" time="-1.671354531828E9" classname="com.ERA.base.Base">
    <skipped/>
  </testcase> <!-- @AfterMethod afterMethod -->
  <testcase name="@BeforeMethod beforeMethod" time="-1.671354531828E9" classname="com.ERA.base.Base">
    <skipped/>
  </testcase> <!-- @BeforeMethod beforeMethod -->
  <testcase name="@AfterMethod afterMethod" time="-1.67135453183E9" classname="com.ERA.base.Base">
    <skipped/>
  </testcase> <!-- @AfterMethod afterMethod -->
  <testcase name="@BeforeMethod beforeMethod" time="-1.671354531831E9" classname="com.ERA.base.Base">
    <skipped/>
  </testcase> <!-- @BeforeMethod beforeMethod -->
  <testcase name="@AfterMethod afterMethod" time="-1.671354531833E9" classname="com.ERA.base.Base">
    <skipped/>
  </testcase> <!-- @AfterMethod afterMethod -->
  <testcase name="@BeforeMethod beforeMethod" time="-1.671354531833E9" classname="com.ERA.base.Base">
    <skipped/>
  </testcase> <!-- @BeforeMethod beforeMethod -->
  <testcase name="@AfterMethod afterMethod" time="-1.671354531834E9" classname="com.ERA.base.Base">
    <skipped/>
  </testcase> <!-- @AfterMethod afterMethod -->
  <testcase name="@BeforeMethod beforeMethod" time="-1.671354531835E9" classname="com.ERA.base.Base">
    <skipped/>
  </testcase> <!-- @BeforeMethod beforeMethod -->
  <testcase name="@AfterMethod afterMethod" time="-1.671354531837E9" classname="com.ERA.base.Base">
    <skipped/>
  </testcase> <!-- @AfterMethod afterMethod -->
  <testcase name="@BeforeMethod beforeMethod" time="-1.671354531837E9" classname="com.ERA.base.Base">
    <skipped/>
  </testcase> <!-- @BeforeMethod beforeMethod -->
  <testcase name="@AfterMethod afterMethod" time="-1.671354531838E9" classname="com.ERA.base.Base">
    <skipped/>
  </testcase> <!-- @AfterMethod afterMethod -->
  <testcase name="@BeforeMethod beforeMethod" time="-1.671354531839E9" classname="com.ERA.base.Base">
    <skipped/>
  </testcase> <!-- @BeforeMethod beforeMethod -->
  <testcase name="@AfterMethod afterMethod" time="-1.67135453184E9" classname="com.ERA.base.Base">
    <skipped/>
  </testcase> <!-- @AfterMethod afterMethod -->
  <testcase name="@BeforeMethod beforeMethod" time="-1.671354531841E9" classname="com.ERA.base.Base">
    <skipped/>
  </testcase> <!-- @BeforeMethod beforeMethod -->
  <testcase name="@AfterMethod afterMethod" time="-1.671354531842E9" classname="com.ERA.base.Base">
    <skipped/>
  </testcase> <!-- @AfterMethod afterMethod -->
  <testcase name="@BeforeMethod beforeMethod" time="-1.671354531842E9" classname="com.ERA.base.Base">
    <skipped/>
  </testcase> <!-- @BeforeMethod beforeMethod -->
  <testcase name="@AfterMethod afterMethod" time="-1.671354531843E9" classname="com.ERA.base.Base">
    <skipped/>
  </testcase> <!-- @AfterMethod afterMethod -->
  <testcase name="@BeforeMethod beforeMethod" time="-1.671354531844E9" classname="com.ERA.base.Base">
    <skipped/>
  </testcase> <!-- @BeforeMethod beforeMethod -->
  <testcase name="@AfterMethod afterMethod" time="-1.671354531845E9" classname="com.ERA.base.Base">
    <skipped/>
  </testcase> <!-- @AfterMethod afterMethod -->
  <testcase name="@BeforeMethod beforeMethod" time="-1.671354531845E9" classname="com.ERA.base.Base">
    <skipped/>
  </testcase> <!-- @BeforeMethod beforeMethod -->
  <testcase name="@AfterMethod afterMethod" time="-1.671354531846E9" classname="com.ERA.base.Base">
    <skipped/>
  </testcase> <!-- @AfterMethod afterMethod -->
  <testcase name="@BeforeMethod beforeMethod" time="-1.671354531846E9" classname="com.ERA.base.Base">
    <skipped/>
  </testcase> <!-- @BeforeMethod beforeMethod -->
  <testcase name="@AfterMethod afterMethod" time="-1.671354531847E9" classname="com.ERA.base.Base">
    <skipped/>
  </testcase> <!-- @AfterMethod afterMethod -->
  <testcase name="@BeforeMethod beforeMethod" time="-1.671354531848E9" classname="com.ERA.base.Base">
    <skipped/>
  </testcase> <!-- @BeforeMethod beforeMethod -->
  <testcase name="@AfterMethod afterMethod" time="-1.671354531849E9" classname="com.ERA.base.Base">
    <skipped/>
  </testcase> <!-- @AfterMethod afterMethod -->
  <testcase name="@BeforeMethod beforeMethod" time="-1.671354531854E9" classname="com.ERA.base.Base">
    <skipped/>
  </testcase> <!-- @BeforeMethod beforeMethod -->
  <testcase name="@AfterMethod afterMethod" time="-1.671354531856E9" classname="com.ERA.base.Base">
    <skipped/>
  </testcase> <!-- @AfterMethod afterMethod -->
  <testcase name="@BeforeMethod beforeMethod" time="-1.671354531856E9" classname="com.ERA.base.Base">
    <skipped/>
  </testcase> <!-- @BeforeMethod beforeMethod -->
  <testcase name="@AfterMethod afterMethod" time="-1.671354531857E9" classname="com.ERA.base.Base">
    <skipped/>
  </testcase> <!-- @AfterMethod afterMethod -->
  <testcase name="@BeforeMethod beforeMethod" time="-1.671354531858E9" classname="com.ERA.base.Base">
    <skipped/>
  </testcase> <!-- @BeforeMethod beforeMethod -->
  <testcase name="@AfterMethod afterMethod" time="-1.671354531859E9" classname="com.ERA.base.Base">
    <skipped/>
  </testcase> <!-- @AfterMethod afterMethod -->
  <testcase name="@BeforeMethod beforeMethod" time="-1.67135453186E9" classname="com.ERA.base.Base">
    <skipped/>
  </testcase> <!-- @BeforeMethod beforeMethod -->
  <testcase name="@AfterMethod afterMethod" time="-1.671354531861E9" classname="com.ERA.base.Base">
    <skipped/>
  </testcase> <!-- @AfterMethod afterMethod -->
  <testcase name="@BeforeMethod beforeMethod" time="-1.671354531861E9" classname="com.ERA.base.Base">
    <skipped/>
  </testcase> <!-- @BeforeMethod beforeMethod -->
  <testcase name="@AfterMethod afterMethod" time="-1.671354531862E9" classname="com.ERA.base.Base">
    <skipped/>
  </testcase> <!-- @AfterMethod afterMethod -->
  <testcase name="@BeforeMethod beforeMethod" time="-1.671354531863E9" classname="com.ERA.base.Base">
    <skipped/>
  </testcase> <!-- @BeforeMethod beforeMethod -->
  <testcase name="@AfterMethod afterMethod" time="-1.671354531864E9" classname="com.ERA.base.Base">
    <skipped/>
  </testcase> <!-- @AfterMethod afterMethod -->
  <testcase name="@BeforeMethod beforeMethod" time="-1.671354531865E9" classname="com.ERA.base.Base">
    <skipped/>
  </testcase> <!-- @BeforeMethod beforeMethod -->
  <testcase name="@AfterMethod afterMethod" time="-1.671354531866E9" classname="com.ERA.base.Base">
    <skipped/>
  </testcase> <!-- @AfterMethod afterMethod -->
  <testcase name="@BeforeMethod beforeMethod" time="-1.671354531866E9" classname="com.ERA.base.Base">
    <skipped/>
  </testcase> <!-- @BeforeMethod beforeMethod -->
  <testcase name="@AfterMethod afterMethod" time="-1.671354531867E9" classname="com.ERA.base.Base">
    <skipped/>
  </testcase> <!-- @AfterMethod afterMethod -->
  <testcase name="@BeforeMethod beforeMethod" time="-1.671354531868E9" classname="com.ERA.base.Base">
    <skipped/>
  </testcase> <!-- @BeforeMethod beforeMethod -->
  <testcase name="@AfterMethod afterMethod" time="-1.671354531869E9" classname="com.ERA.base.Base">
    <skipped/>
  </testcase> <!-- @AfterMethod afterMethod -->
  <testcase name="@BeforeMethod beforeMethod" time="-1.67135453187E9" classname="com.ERA.base.Base">
    <skipped/>
  </testcase> <!-- @BeforeMethod beforeMethod -->
  <testcase name="@AfterMethod afterMethod" time="-1.671354531871E9" classname="com.ERA.base.Base">
    <skipped/>
  </testcase> <!-- @AfterMethod afterMethod -->
  <testcase name="@BeforeMethod beforeMethod" time="-1.671354531872E9" classname="com.ERA.base.Base">
    <skipped/>
  </testcase> <!-- @BeforeMethod beforeMethod -->
  <testcase name="@AfterMethod afterMethod" time="-1.671354531873E9" classname="com.ERA.base.Base">
    <skipped/>
  </testcase> <!-- @AfterMethod afterMethod -->
  <testcase name="@BeforeMethod beforeMethod" time="-1.671354531873E9" classname="com.ERA.base.Base">
    <skipped/>
  </testcase> <!-- @BeforeMethod beforeMethod -->
  <testcase name="@AfterMethod afterMethod" time="-1.671354531875E9" classname="com.ERA.base.Base">
    <skipped/>
  </testcase> <!-- @AfterMethod afterMethod -->
  <testcase name="@BeforeMethod beforeMethod" time="-1.671354531875E9" classname="com.ERA.base.Base">
    <skipped/>
  </testcase> <!-- @BeforeMethod beforeMethod -->
  <testcase name="@AfterMethod afterMethod" time="-1.671354531877E9" classname="com.ERA.base.Base">
    <skipped/>
  </testcase> <!-- @AfterMethod afterMethod -->
  <testcase name="@BeforeMethod beforeMethod" time="-1.671354531877E9" classname="com.ERA.base.Base">
    <skipped/>
  </testcase> <!-- @BeforeMethod beforeMethod -->
  <testcase name="@AfterMethod afterMethod" time="-1.671354531878E9" classname="com.ERA.base.Base">
    <skipped/>
  </testcase> <!-- @AfterMethod afterMethod -->
  <testcase name="@BeforeMethod beforeMethod" time="-1.671354531879E9" classname="com.ERA.base.Base">
    <skipped/>
  </testcase> <!-- @BeforeMethod beforeMethod -->
  <testcase name="@AfterMethod afterMethod" time="-1.67135453188E9" classname="com.ERA.base.Base">
    <skipped/>
  </testcase> <!-- @AfterMethod afterMethod -->
  <testcase name="@BeforeMethod beforeMethod" time="-1.67135453188E9" classname="com.ERA.base.Base">
    <skipped/>
  </testcase> <!-- @BeforeMethod beforeMethod -->
  <testcase name="@AfterMethod afterMethod" time="-1.671354531882E9" classname="com.ERA.base.Base">
    <skipped/>
  </testcase> <!-- @AfterMethod afterMethod -->
  <testcase name="@BeforeMethod beforeMethod" time="-1.671354531883E9" classname="com.ERA.base.Base">
    <skipped/>
  </testcase> <!-- @BeforeMethod beforeMethod -->
  <testcase name="@AfterMethod afterMethod" time="-1.671354531884E9" classname="com.ERA.base.Base">
    <skipped/>
  </testcase> <!-- @AfterMethod afterMethod -->
  <testcase name="@BeforeMethod beforeMethod" time="-1.671354531885E9" classname="com.ERA.base.Base">
    <skipped/>
  </testcase> <!-- @BeforeMethod beforeMethod -->
  <testcase name="@AfterMethod afterMethod" time="-1.671354531886E9" classname="com.ERA.base.Base">
    <skipped/>
  </testcase> <!-- @AfterMethod afterMethod -->
  <testcase name="@BeforeMethod beforeMethod" time="-1.671354531887E9" classname="com.ERA.base.Base">
    <skipped/>
  </testcase> <!-- @BeforeMethod beforeMethod -->
  <testcase name="@AfterMethod afterMethod" time="-1.671354531888E9" classname="com.ERA.base.Base">
    <skipped/>
  </testcase> <!-- @AfterMethod afterMethod -->
  <testcase name="@BeforeMethod beforeMethod" time="-1.671354531889E9" classname="com.ERA.base.Base">
    <skipped/>
  </testcase> <!-- @BeforeMethod beforeMethod -->
  <testcase name="@AfterMethod afterMethod" time="-1.67135453189E9" classname="com.ERA.base.Base">
    <skipped/>
  </testcase> <!-- @AfterMethod afterMethod -->
  <testcase name="@BeforeMethod beforeMethod" time="-1.67135453189E9" classname="com.ERA.base.Base">
    <skipped/>
  </testcase> <!-- @BeforeMethod beforeMethod -->
  <testcase name="@AfterMethod afterMethod" time="-1.671354531892E9" classname="com.ERA.base.Base">
    <skipped/>
  </testcase> <!-- @AfterMethod afterMethod -->
  <testcase name="@BeforeMethod beforeMethod" time="-1.671354531893E9" classname="com.ERA.base.Base">
    <skipped/>
  </testcase> <!-- @BeforeMethod beforeMethod -->
  <testcase name="@AfterMethod afterMethod" time="-1.671354531895E9" classname="com.ERA.base.Base">
    <skipped/>
  </testcase> <!-- @AfterMethod afterMethod -->
  <testcase name="@BeforeMethod beforeMethod" time="-1.671354531896E9" classname="com.ERA.base.Base">
    <skipped/>
  </testcase> <!-- @BeforeMethod beforeMethod -->
  <testcase name="@AfterMethod afterMethod" time="-1.671354531897E9" classname="com.ERA.base.Base">
    <skipped/>
  </testcase> <!-- @AfterMethod afterMethod -->
  <testcase name="@BeforeMethod beforeMethod" time="-1.671354531898E9" classname="com.ERA.base.Base">
    <skipped/>
  </testcase> <!-- @BeforeMethod beforeMethod -->
  <testcase name="@AfterMethod afterMethod" time="-1.671354531899E9" classname="com.ERA.base.Base">
    <skipped/>
  </testcase> <!-- @AfterMethod afterMethod -->
  <testcase name="@BeforeMethod beforeMethod" time="-1.671354531899E9" classname="com.ERA.base.Base">
    <skipped/>
  </testcase> <!-- @BeforeMethod beforeMethod -->
  <testcase name="@AfterMethod afterMethod" time="-1.6713545319E9" classname="com.ERA.base.Base">
    <skipped/>
  </testcase> <!-- @AfterMethod afterMethod -->
  <testcase name="@AfterTest afterTest" time="-1.671354531901E9" classname="com.ERA.base.Base">
    <skipped/>
  </testcase> <!-- @AfterTest afterTest -->
  <testcase name="clcallowLocationPermissionTestLogin" time="0.0" classname="common.allowLocationPermissionTest">
    <skipped/>
  </testcase> <!-- clcallowLocationPermissionTestLogin -->
  <testcase name="clcikLogin" time="0.0" classname="login.ClickloginbuttonfromHomescreenTest">
    <skipped/>
  </testcase> <!-- clcikLogin -->
  <testcase name="allowSMSpermissionTest" time="0.0" classname="login.ClickloginbuttonfromHomescreenTest">
    <skipped/>
  </testcase> <!-- allowSMSpermissionTest -->
  <testcase name="SelectCountyCode" time="0.0" classname="login.ClickloginbuttonfromHomescreenTest">
    <skipped/>
  </testcase> <!-- SelectCountyCode -->
  <testcase name="Searchforcounrty" time="0.0" classname="login.ClickloginbuttonfromHomescreenTest">
    <skipped/>
  </testcase> <!-- Searchforcounrty -->
  <testcase name="SelectEgypt" time="0.0" classname="login.ClickloginbuttonfromHomescreenTest">
    <skipped/>
  </testcase> <!-- SelectEgypt -->
  <testcase name="addPoliceMobileNumber" time="0.0" classname="login.ClickloginbuttonfromHomescreenTest">
    <skipped/>
  </testcase> <!-- addPoliceMobileNumber -->
  <testcase name="clickContinue" time="0.0" classname="login.ClickloginbuttonfromHomescreenTest">
    <skipped/>
  </testcase> <!-- clickContinue -->
  <testcase name="getotpPolice" time="0.0" classname="login.ClickloginbuttonfromHomescreenTest">
    <skipped/>
  </testcase> <!-- getotpPolice -->
  <testcase name="confirmlocation" time="0.0" classname="DubaiPoliceAccount.DubaiPoliceTest">
    <skipped/>
  </testcase> <!-- confirmlocation -->
  <testcase name="selectSubService" time="0.0" classname="DubaiPoliceAccount.DubaiPoliceTest">
    <skipped/>
  </testcase> <!-- selectSubService -->
  <testcase name="confirmSubService" time="0.0" classname="DubaiPoliceAccount.DubaiPoliceTest">
    <skipped/>
  </testcase> <!-- confirmSubService -->
  <testcase name="showimagevalidation" time="0.0" classname="DubaiPoliceAccount.ImageeTest">
    <skipped/>
  </testcase> <!-- showimagevalidation -->
  <testcase name="validateerror" time="0.0" classname="DubaiPoliceAccount.ImageeTest">
    <skipped/>
  </testcase> <!-- validateerror -->
  <testcase name="takeImage" time="0.0" classname="DubaiPoliceAccount.ImageeTest">
    <skipped/>
  </testcase> <!-- takeImage -->
  <testcase name="allowcameraPermission" time="0.0" classname="DubaiPoliceAccount.ImageeTest">
    <skipped/>
  </testcase> <!-- allowcameraPermission -->
  <testcase name="cameraTakeImage1" time="0.0" classname="DubaiPoliceAccount.ImageeTest">
    <skipped/>
  </testcase> <!-- cameraTakeImage1 -->
  <testcase name="ConfirmImage" time="0.0" classname="DubaiPoliceAccount.ImageeTest">
    <skipped/>
  </testcase> <!-- ConfirmImage -->
  <testcase name="ClcikImage" time="0.0" classname="DubaiPoliceAccount.ImageeTest">
    <skipped/>
  </testcase> <!-- ClcikImage -->
  <testcase name="RetakeImage" time="0.0" classname="DubaiPoliceAccount.ImageeTest">
    <skipped/>
  </testcase> <!-- RetakeImage -->
  <testcase name="cameraTakeImage2" time="0.0" classname="DubaiPoliceAccount.ImageeTest">
    <skipped/>
  </testcase> <!-- cameraTakeImage2 -->
  <testcase name="ConfirmImage2" time="0.0" classname="DubaiPoliceAccount.ImageeTest">
    <skipped/>
  </testcase> <!-- ConfirmImage2 -->
  <testcase name="ClcikImage2" time="0.0" classname="DubaiPoliceAccount.ImageeTest">
    <skipped/>
  </testcase> <!-- ClcikImage2 -->
  <testcase name="deleteImage" time="0.0" classname="DubaiPoliceAccount.ImageeTest">
    <skipped/>
  </testcase> <!-- deleteImage -->
  <testcase name="takeImage3" time="0.0" classname="DubaiPoliceAccount.ImageeTest">
    <skipped/>
  </testcase> <!-- takeImage3 -->
  <testcase name="takeallphotos" time="0.0" classname="DubaiPoliceAccount.ImageeTest">
    <skipped/>
  </testcase> <!-- takeallphotos -->
  <testcase name="cameraTakeImage3" time="0.0" classname="DubaiPoliceAccount.ImageeTest">
    <skipped/>
  </testcase> <!-- cameraTakeImage3 -->
  <testcase name="ConfirmImage3" time="0.0" classname="DubaiPoliceAccount.ImageeTest">
    <skipped/>
  </testcase> <!-- ConfirmImage3 -->
  <testcase name="CoonfirmImagebutton" time="0.0" classname="DubaiPoliceAccount.ImageeTest">
    <skipped/>
  </testcase> <!-- CoonfirmImagebutton -->
  <testcase name="SelectropOff" time="0.0" classname="DubaiPoliceAccount.DropOffTest">
    <skipped/>
  </testcase> <!-- SelectropOff -->
  <testcase name="confirmdropOff" time="0.0" classname="DubaiPoliceAccount.DropOffTest">
    <skipped/>
  </testcase> <!-- confirmdropOff -->
  <testcase name="EditLocationIcon" time="0.0" classname="DubaiPoliceAccount.SummeryTest">
    <skipped/>
  </testcase> <!-- EditLocationIcon -->
  <testcase name="MoveMap" time="0.0" classname="DubaiPoliceAccount.SummeryTest">
    <skipped/>
  </testcase> <!-- MoveMap -->
  <testcase name="confirmlocation" time="0.0" classname="DubaiPoliceAccount.SummeryTest">
    <skipped/>
  </testcase> <!-- confirmlocation -->
  <testcase name="EditSubServiceNumberAndSelectionIcon" time="0.0" classname="DubaiPoliceAccount.SummeryTest">
    <skipped/>
  </testcase> <!-- EditSubServiceNumberAndSelectionIcon -->
  <testcase name="EditSubServiceNumberPlusIcon1" time="0.0" classname="DubaiPoliceAccount.SummeryTest">
    <skipped/>
  </testcase> <!-- EditSubServiceNumberPlusIcon1 -->
  <testcase name="EditSubServiceNumberPlusIcon2" time="0.0" classname="DubaiPoliceAccount.SummeryTest">
    <skipped/>
  </testcase> <!-- EditSubServiceNumberPlusIcon2 -->
  <testcase name="EditSubServiceNumberPlusIcon3" time="0.0" classname="DubaiPoliceAccount.SummeryTest">
    <skipped/>
  </testcase> <!-- EditSubServiceNumberPlusIcon3 -->
  <testcase name="EditSubServiceNumberPlusIcon4" time="0.0" classname="DubaiPoliceAccount.SummeryTest">
    <skipped/>
  </testcase> <!-- EditSubServiceNumberPlusIcon4 -->
  <testcase name="EditSubServiceNumberminusIcon1" time="0.0" classname="DubaiPoliceAccount.SummeryTest">
    <skipped/>
  </testcase> <!-- EditSubServiceNumberminusIcon1 -->
  <testcase name="EditSubServiceNumberminusIcon2" time="0.0" classname="DubaiPoliceAccount.SummeryTest">
    <skipped/>
  </testcase> <!-- EditSubServiceNumberminusIcon2 -->
  <testcase name="EditSubServiceNumberminusIcon3" time="0.0" classname="DubaiPoliceAccount.SummeryTest">
    <skipped/>
  </testcase> <!-- EditSubServiceNumberminusIcon3 -->
  <testcase name="EditSubServiceNumberminusIcon4" time="0.0" classname="DubaiPoliceAccount.SummeryTest">
    <skipped/>
  </testcase> <!-- EditSubServiceNumberminusIcon4 -->
  <testcase name="ConfirmEditSubService" time="0.0" classname="DubaiPoliceAccount.SummeryTest">
    <skipped/>
  </testcase> <!-- ConfirmEditSubService -->
  <testcase name="EditropOffIcon" time="0.0" classname="DubaiPoliceAccount.SummeryTest">
    <skipped/>
  </testcase> <!-- EditropOffIcon -->
  <testcase name="SelectropOff" time="0.0" classname="DubaiPoliceAccount.SummeryTest">
    <skipped/>
  </testcase> <!-- SelectropOff -->
  <testcase name="confirmdropOff" time="0.0" classname="DubaiPoliceAccount.SummeryTest">
    <skipped/>
  </testcase> <!-- confirmdropOff -->
  <testcase name="EditImageIcon" time="0.0" classname="DubaiPoliceAccount.SummeryTest">
    <skipped/>
  </testcase> <!-- EditImageIcon -->
  <testcase name="takeImageEdit" time="0.0" classname="DubaiPoliceAccount.SummeryTest">
    <skipped/>
  </testcase> <!-- takeImageEdit -->
  <testcase name="cameraTakeImageEdit" time="0.0" classname="DubaiPoliceAccount.SummeryTest">
    <skipped/>
  </testcase> <!-- cameraTakeImageEdit -->
  <testcase name="ConfirmImageEdit" time="0.0" classname="DubaiPoliceAccount.SummeryTest">
    <skipped/>
  </testcase> <!-- ConfirmImageEdit -->
  <testcase name="ConfirmImagebuttonEdit" time="0.0" classname="DubaiPoliceAccount.SummeryTest">
    <skipped/>
  </testcase> <!-- ConfirmImagebuttonEdit -->
  <testcase name="EditLocationIcon2" time="0.0" classname="DubaiPoliceAccount.SummeryTest">
    <skipped/>
  </testcase> <!-- EditLocationIcon2 -->
  <testcase name="backIcon1" time="0.0" classname="DubaiPoliceAccount.SummeryTest">
    <skipped/>
  </testcase> <!-- backIcon1 -->
  <testcase name="EditSubServiceNumberAndSelectionIcon2" time="0.0" classname="DubaiPoliceAccount.SummeryTest">
    <skipped/>
  </testcase> <!-- EditSubServiceNumberAndSelectionIcon2 -->
  <testcase name="backIcon2" time="0.0" classname="DubaiPoliceAccount.SummeryTest">
    <skipped/>
  </testcase> <!-- backIcon2 -->
  <testcase name="EditropOffIcon2" time="0.0" classname="DubaiPoliceAccount.SummeryTest">
    <skipped/>
  </testcase> <!-- EditropOffIcon2 -->
  <testcase name="backIcon3" time="0.0" classname="DubaiPoliceAccount.SummeryTest">
    <skipped/>
  </testcase> <!-- backIcon3 -->
  <testcase name="EditImageIcon2" time="0.0" classname="DubaiPoliceAccount.SummeryTest">
    <skipped/>
  </testcase> <!-- EditImageIcon2 -->
  <testcase name="backIcon4" time="0.0" classname="DubaiPoliceAccount.SummeryTest">
    <skipped/>
  </testcase> <!-- backIcon4 -->
  <testcase name="confirmSummery" time="0.0" classname="DubaiPoliceAccount.SummeryTest">
    <skipped/>
  </testcase> <!-- confirmSummery -->
  <testcase name="viewRequestetails" time="0.0" classname="DubaiPoliceAccount.SummeryTest">
    <skipped/>
  </testcase> <!-- viewRequestetails -->
  <testcase name="@AfterTest afterTest" time="0.0" classname="com.ERA.base.Base">
    <ignored/>
  </testcase> <!-- @AfterTest afterTest -->
  <testcase name="@AfterTest afterTest" time="0.0" classname="com.ERA.base.Base">
    <ignored/>
  </testcase> <!-- @AfterTest afterTest -->
  <testcase name="@AfterTest afterTest" time="0.0" classname="com.ERA.base.Base">
    <ignored/>
  </testcase> <!-- @AfterTest afterTest -->
  <testcase name="@AfterTest afterTest" time="0.0" classname="com.ERA.base.Base">
    <ignored/>
  </testcase> <!-- @AfterTest afterTest -->
  <testcase name="@AfterTest afterTest" time="0.0" classname="com.ERA.base.Base">
    <ignored/>
  </testcase> <!-- @AfterTest afterTest -->
  <testcase name="@BeforeSuite beforeSuite" time="0.0" classname="com.ERA.base.Base">
    <ignored/>
  </testcase> <!-- @BeforeSuite beforeSuite -->
  <testcase name="@BeforeSuite beforeSuite" time="0.0" classname="com.ERA.base.Base">
    <ignored/>
  </testcase> <!-- @BeforeSuite beforeSuite -->
  <testcase name="@BeforeSuite beforeSuite" time="0.0" classname="com.ERA.base.Base">
    <ignored/>
  </testcase> <!-- @BeforeSuite beforeSuite -->
  <testcase name="@BeforeSuite beforeSuite" time="0.0" classname="com.ERA.base.Base">
    <ignored/>
  </testcase> <!-- @BeforeSuite beforeSuite -->
  <testcase name="@BeforeSuite beforeSuite" time="0.0" classname="com.ERA.base.Base">
    <ignored/>
  </testcase> <!-- @BeforeSuite beforeSuite -->
  <testcase name="getotp" time="0.0" classname="login.ClickloginbuttonfromHomescreenTest">
    <ignored/>
  </testcase> <!-- getotp -->
  <testcase name="addMobileNumber" time="0.0" classname="login.ClickloginbuttonfromHomescreenTest">
    <ignored/>
  </testcase> <!-- addMobileNumber -->
  <testcase name="SelectropOff2" time="0.0" classname="DubaiPoliceAccount.DropOffTest">
    <ignored/>
  </testcase> <!-- SelectropOff2 -->
  <testcase name="@BeforeTest beforeClass" time="0.0" classname="com.ERA.base.Base">
    <ignored/>
  </testcase> <!-- @BeforeTest beforeClass -->
  <testcase name="@BeforeTest beforeClass" time="0.0" classname="com.ERA.base.Base">
    <ignored/>
  </testcase> <!-- @BeforeTest beforeClass -->
  <testcase name="@BeforeTest beforeClass" time="0.0" classname="com.ERA.base.Base">
    <ignored/>
  </testcase> <!-- @BeforeTest beforeClass -->
  <testcase name="@BeforeTest beforeClass" time="0.0" classname="com.ERA.base.Base">
    <ignored/>
  </testcase> <!-- @BeforeTest beforeClass -->
  <testcase name="@BeforeTest beforeClass" time="0.0" classname="com.ERA.base.Base">
    <ignored/>
  </testcase> <!-- @BeforeTest beforeClass -->
  <testcase name="@AfterSuite afterSuite" time="0.0" classname="com.ERA.base.Base">
    <ignored/>
  </testcase> <!-- @AfterSuite afterSuite -->
  <testcase name="@AfterSuite afterSuite" time="0.0" classname="com.ERA.base.Base">
    <ignored/>
  </testcase> <!-- @AfterSuite afterSuite -->
  <testcase name="@AfterSuite afterSuite" time="0.0" classname="com.ERA.base.Base">
    <ignored/>
  </testcase> <!-- @AfterSuite afterSuite -->
  <testcase name="@AfterSuite afterSuite" time="0.0" classname="com.ERA.base.Base">
    <ignored/>
  </testcase> <!-- @AfterSuite afterSuite -->
  <testcase name="@AfterSuite afterSuite" time="0.0" classname="com.ERA.base.Base">
    <ignored/>
  </testcase> <!-- @AfterSuite afterSuite -->
</testsuite> <!-- SummeryTest -->
